2020-05-16 09:50:43 INFO - tasks.py[396]: daily task running: poc scan 5e9d34d4b85dd18a102d0d08
2020-05-16 09:50:43 INFO - tasks.py[351]: weekly task running: poc scan 5ebad88910bb394128846ddd
2020-05-16 09:50:43 INFO - tasks.py[356]: daily task running: subdomain scan 5ebad88910bb394128846ddd:shuidihubao.com
2020-05-16 09:50:44 INFO - tasks.py[396]: daily task running: poc scan 5e9d34d4b85dd18a102d0d08
2020-05-16 09:50:44 INFO - tasks.py[401]: daily task completed: poc scan 5e9d34d4b85dd18a102d0d08
2020-05-16 09:50:44 INFO - tasks.py[396]: daily task running: poc scan 5e9d54c9cd1790337e6afdfe
2020-05-16 09:50:44 INFO - tasks.py[401]: daily task completed: poc scan 5e9d34d4b85dd18a102d0d08
2020-05-16 09:50:44 INFO - tasks.py[396]: daily task running: poc scan 5e9d54c9cd1790337e6afdfe
2020-05-16 09:50:44 INFO - tasks.py[401]: daily task completed: poc scan 5e9d54c9cd1790337e6afdfe
2020-05-16 09:50:44 INFO - tasks.py[396]: daily task running: poc scan 5e9d34d4b85dd18a102d0d08
2020-05-16 09:50:44 INFO - tasks.py[401]: daily task completed: poc scan 5e9d54c9cd1790337e6afdfe
2020-05-16 09:50:44 INFO - tasks.py[396]: daily task running: poc scan 5e9d34d4b85dd18a102d0d08
2020-05-16 09:50:44 INFO - tasks.py[401]: daily task completed: poc scan 5e9d34d4b85dd18a102d0d08
2020-05-16 09:50:44 INFO - tasks.py[396]: daily task running: poc scan 5e9d54c9cd1790337e6afdfe
2020-05-16 09:50:44 INFO - tasks.py[401]: daily task completed: poc scan 5e9d34d4b85dd18a102d0d08
2020-05-16 09:50:44 INFO - tasks.py[396]: daily task running: poc scan 5e9d54c9cd1790337e6afdfe
2020-05-16 09:50:44 INFO - tasks.py[401]: daily task completed: poc scan 5e9d54c9cd1790337e6afdfe
2020-05-16 09:50:44 INFO - tasks.py[396]: daily task running: poc scan 5e9d34d4b85dd18a102d0d08
2020-05-16 09:50:44 INFO - tasks.py[401]: daily task completed: poc scan 5e9d54c9cd1790337e6afdfe
2020-05-16 09:50:44 INFO - tasks.py[401]: daily task completed: poc scan 5e9d34d4b85dd18a102d0d08
2020-05-16 09:50:44 INFO - tasks.py[396]: daily task running: poc scan 5e9d54c9cd1790337e6afdfe
2020-05-16 09:50:45 INFO - tasks.py[401]: daily task completed: poc scan 5e9d54c9cd1790337e6afdfe
2020-05-16 09:50:45 INFO - tasks.py[396]: daily task running: poc scan 5e9d34d4b85dd18a102d0d08
2020-05-16 09:50:45 INFO - tasks.py[396]: daily task running: poc scan 5e9d34d4b85dd18a102d0d08
2020-05-16 09:50:45 INFO - tasks.py[401]: daily task completed: poc scan 5e9d34d4b85dd18a102d0d08
2020-05-16 09:50:45 INFO - tasks.py[396]: daily task running: poc scan 5e9d54c9cd1790337e6afdfe
2020-05-16 09:50:45 INFO - tasks.py[401]: daily task completed: poc scan 5e9d34d4b85dd18a102d0d08
2020-05-16 09:50:45 INFO - tasks.py[396]: daily task running: poc scan 5e9d54c9cd1790337e6afdfe
2020-05-16 09:50:45 INFO - tasks.py[401]: daily task completed: poc scan 5e9d54c9cd1790337e6afdfe
2020-05-16 09:50:45 INFO - tasks.py[401]: daily task completed: poc scan 5e9d54c9cd1790337e6afdfe
2020-05-16 09:50:45 INFO - tasks.py[396]: daily task running: poc scan 5e9d34d4b85dd18a102d0d08
2020-05-16 09:50:45 INFO - tasks.py[396]: daily task running: poc scan 5e9d34d4b85dd18a102d0d08
2020-05-16 09:50:45 INFO - tasks.py[401]: daily task completed: poc scan 5e9d34d4b85dd18a102d0d08
2020-05-16 09:50:45 INFO - tasks.py[396]: daily task running: poc scan 5e9d54c9cd1790337e6afdfe
2020-05-16 09:50:45 INFO - tasks.py[401]: daily task completed: poc scan 5e9d34d4b85dd18a102d0d08
2020-05-16 09:50:45 INFO - tasks.py[396]: daily task running: poc scan 5e9d54c9cd1790337e6afdfe
2020-05-16 09:50:46 INFO - tasks.py[401]: daily task completed: poc scan 5e9d54c9cd1790337e6afdfe
2020-05-16 09:50:46 INFO - tasks.py[396]: daily task running: poc scan 5e9d34d4b85dd18a102d0d08
2020-05-16 09:50:46 INFO - tasks.py[401]: daily task completed: poc scan 5e9d54c9cd1790337e6afdfe
2020-05-16 09:50:46 INFO - tasks.py[396]: daily task running: poc scan 5e9d34d4b85dd18a102d0d08
2020-05-16 09:50:46 INFO - tasks.py[401]: daily task completed: poc scan 5e9d34d4b85dd18a102d0d08
2020-05-16 09:50:46 INFO - tasks.py[396]: daily task running: poc scan 5e9d54c9cd1790337e6afdfe
2020-05-16 09:50:46 INFO - tasks.py[401]: daily task completed: poc scan 5e9d34d4b85dd18a102d0d08
2020-05-16 09:50:46 INFO - tasks.py[396]: daily task running: poc scan 5e9d54c9cd1790337e6afdfe
2020-05-16 09:50:46 INFO - tasks.py[401]: daily task completed: poc scan 5e9d54c9cd1790337e6afdfe
2020-05-16 09:50:46 INFO - tasks.py[401]: daily task completed: poc scan 5e9d54c9cd1790337e6afdfe
2020-05-16 09:50:49 INFO - tasks.py[396]: daily task running: poc scan 5e9d34d4b85dd18a102d0d08
2020-05-16 09:50:49 INFO - tasks.py[396]: daily task running: poc scan 5e9d34d4b85dd18a102d0d08
2020-05-16 09:50:49 INFO - tasks.py[401]: daily task completed: poc scan 5e9d34d4b85dd18a102d0d08
2020-05-16 09:50:49 INFO - tasks.py[396]: daily task running: poc scan 5e9d54c9cd1790337e6afdfe
2020-05-16 09:50:49 INFO - tasks.py[401]: daily task completed: poc scan 5e9d34d4b85dd18a102d0d08
2020-05-16 09:50:49 INFO - tasks.py[396]: daily task running: poc scan 5e9d54c9cd1790337e6afdfe
2020-05-16 09:50:49 INFO - tasks.py[401]: daily task completed: poc scan 5e9d54c9cd1790337e6afdfe
2020-05-16 09:50:49 INFO - tasks.py[396]: daily task running: poc scan 5e9d34d4b85dd18a102d0d08
2020-05-16 09:50:49 INFO - tasks.py[401]: daily task completed: poc scan 5e9d54c9cd1790337e6afdfe
2020-05-16 09:50:49 INFO - tasks.py[396]: daily task running: poc scan 5e9d34d4b85dd18a102d0d08
2020-05-16 09:50:49 INFO - tasks.py[401]: daily task completed: poc scan 5e9d34d4b85dd18a102d0d08
2020-05-16 09:50:49 INFO - tasks.py[396]: daily task running: poc scan 5e9d54c9cd1790337e6afdfe
2020-05-16 09:50:49 INFO - tasks.py[401]: daily task completed: poc scan 5e9d34d4b85dd18a102d0d08
2020-05-16 09:50:49 INFO - tasks.py[396]: daily task running: poc scan 5e9d54c9cd1790337e6afdfe
2020-05-16 09:50:50 INFO - tasks.py[401]: daily task completed: poc scan 5e9d54c9cd1790337e6afdfe
2020-05-16 09:50:50 INFO - tasks.py[396]: daily task running: poc scan 5e9d34d4b85dd18a102d0d08
2020-05-16 09:50:50 INFO - tasks.py[401]: daily task completed: poc scan 5e9d54c9cd1790337e6afdfe
2020-05-16 09:50:50 INFO - tasks.py[396]: daily task running: poc scan 5e9d34d4b85dd18a102d0d08
2020-05-16 09:50:50 INFO - tasks.py[401]: daily task completed: poc scan 5e9d34d4b85dd18a102d0d08
2020-05-16 09:50:50 INFO - tasks.py[396]: daily task running: poc scan 5e9d54c9cd1790337e6afdfe
2020-05-16 09:50:50 INFO - tasks.py[401]: daily task completed: poc scan 5e9d34d4b85dd18a102d0d08
2020-05-16 09:50:50 INFO - tasks.py[396]: daily task running: poc scan 5e9d54c9cd1790337e6afdfe
2020-05-16 09:50:50 INFO - tasks.py[401]: daily task completed: poc scan 5e9d54c9cd1790337e6afdfe
2020-05-16 09:50:50 INFO - tasks.py[401]: daily task completed: poc scan 5e9d54c9cd1790337e6afdfe
2020-05-16 09:50:50 INFO - tasks.py[396]: daily task running: poc scan 5e9d34d4b85dd18a102d0d08
2020-05-16 09:50:50 INFO - tasks.py[396]: daily task running: poc scan 5e9d34d4b85dd18a102d0d08
2020-05-16 09:50:51 INFO - tasks.py[401]: daily task completed: poc scan 5e9d34d4b85dd18a102d0d08
2020-05-16 09:50:51 INFO - tasks.py[396]: daily task running: poc scan 5e9d54c9cd1790337e6afdfe
2020-05-16 09:50:51 INFO - tasks.py[401]: daily task completed: poc scan 5e9d34d4b85dd18a102d0d08
2020-05-16 09:50:51 INFO - tasks.py[396]: daily task running: poc scan 5e9d54c9cd1790337e6afdfe
2020-05-16 09:50:51 INFO - tasks.py[401]: daily task completed: poc scan 5e9d54c9cd1790337e6afdfe
2020-05-16 09:50:51 INFO - tasks.py[396]: daily task running: poc scan 5e9d34d4b85dd18a102d0d08
2020-05-16 09:50:51 INFO - tasks.py[401]: daily task completed: poc scan 5e9d54c9cd1790337e6afdfe
2020-05-16 09:50:51 INFO - tasks.py[396]: daily task running: poc scan 5e9d34d4b85dd18a102d0d08
2020-05-16 09:50:51 INFO - tasks.py[401]: daily task completed: poc scan 5e9d34d4b85dd18a102d0d08
2020-05-16 09:50:51 INFO - tasks.py[396]: daily task running: poc scan 5e9d54c9cd1790337e6afdfe
2020-05-16 09:50:51 INFO - tasks.py[401]: daily task completed: poc scan 5e9d34d4b85dd18a102d0d08
2020-05-16 09:50:51 INFO - tasks.py[396]: daily task running: poc scan 5e9d54c9cd1790337e6afdfe
2020-05-16 09:50:51 INFO - tasks.py[401]: daily task completed: poc scan 5e9d54c9cd1790337e6afdfe
2020-05-16 09:50:51 INFO - tasks.py[401]: daily task completed: poc scan 5e9d54c9cd1790337e6afdfe
2020-05-16 09:50:51 INFO - tasks.py[396]: daily task running: poc scan 5e9d34d4b85dd18a102d0d08
2020-05-16 09:50:51 INFO - tasks.py[396]: daily task running: poc scan 5e9d34d4b85dd18a102d0d08
2020-05-16 09:50:51 INFO - tasks.py[401]: daily task completed: poc scan 5e9d34d4b85dd18a102d0d08
2020-05-16 09:50:51 INFO - tasks.py[396]: daily task running: poc scan 5e9d54c9cd1790337e6afdfe
2020-05-16 09:50:51 INFO - tasks.py[401]: daily task completed: poc scan 5e9d34d4b85dd18a102d0d08
2020-05-16 09:50:51 INFO - tasks.py[396]: daily task running: poc scan 5e9d54c9cd1790337e6afdfe
2020-05-16 09:50:51 INFO - tasks.py[401]: daily task completed: poc scan 5e9d54c9cd1790337e6afdfe
2020-05-16 09:50:51 INFO - tasks.py[401]: daily task completed: poc scan 5e9d54c9cd1790337e6afdfe
2020-05-16 09:50:52 INFO - tasks.py[396]: daily task running: poc scan 5e9d34d4b85dd18a102d0d08
2020-05-16 09:50:52 INFO - tasks.py[396]: daily task running: poc scan 5e9d34d4b85dd18a102d0d08
2020-05-16 09:50:52 INFO - tasks.py[401]: daily task completed: poc scan 5e9d34d4b85dd18a102d0d08
2020-05-16 09:50:52 INFO - tasks.py[396]: daily task running: poc scan 5e9d54c9cd1790337e6afdfe
2020-05-16 09:50:52 INFO - tasks.py[401]: daily task completed: poc scan 5e9d34d4b85dd18a102d0d08
2020-05-16 09:50:52 INFO - tasks.py[396]: daily task running: poc scan 5e9d54c9cd1790337e6afdfe
2020-05-16 09:50:52 INFO - tasks.py[401]: daily task completed: poc scan 5e9d54c9cd1790337e6afdfe
2020-05-16 09:50:52 INFO - tasks.py[401]: daily task completed: poc scan 5e9d54c9cd1790337e6afdfe
2020-05-16 09:50:52 INFO - tasks.py[396]: daily task running: poc scan 5e9d34d4b85dd18a102d0d08
2020-05-16 09:50:52 INFO - tasks.py[396]: daily task running: poc scan 5e9d34d4b85dd18a102d0d08
2020-05-16 09:50:52 INFO - tasks.py[401]: daily task completed: poc scan 5e9d34d4b85dd18a102d0d08
2020-05-16 09:50:52 INFO - tasks.py[396]: daily task running: poc scan 5e9d54c9cd1790337e6afdfe
2020-05-16 09:50:52 INFO - tasks.py[401]: daily task completed: poc scan 5e9d34d4b85dd18a102d0d08
2020-05-16 09:50:52 INFO - tasks.py[396]: daily task running: poc scan 5e9d54c9cd1790337e6afdfe
2020-05-16 09:50:52 INFO - tasks.py[396]: daily task running: poc scan 5e9d34d4b85dd18a102d0d08
2020-05-16 09:50:52 INFO - tasks.py[396]: daily task running: poc scan 5e9d34d4b85dd18a102d0d08
2020-05-16 09:50:53 INFO - tasks.py[401]: daily task completed: poc scan 5e9d54c9cd1790337e6afdfe
2020-05-16 09:50:53 INFO - tasks.py[396]: daily task running: poc scan 5e9d34d4b85dd18a102d0d08
2020-05-16 09:50:53 INFO - tasks.py[401]: daily task completed: poc scan 5e9d34d4b85dd18a102d0d08
2020-05-16 09:50:53 INFO - tasks.py[396]: daily task running: poc scan 5e9d54c9cd1790337e6afdfe
2020-05-16 09:50:53 INFO - tasks.py[401]: daily task completed: poc scan 5e9d54c9cd1790337e6afdfe
2020-05-16 09:50:53 INFO - tasks.py[396]: daily task running: poc scan 5e9d34d4b85dd18a102d0d08
2020-05-16 09:50:53 INFO - tasks.py[401]: daily task completed: poc scan 5e9d34d4b85dd18a102d0d08
2020-05-16 09:50:53 INFO - tasks.py[396]: daily task running: poc scan 5e9d54c9cd1790337e6afdfe
2020-05-16 09:50:53 INFO - tasks.py[401]: daily task completed: poc scan 5e9d34d4b85dd18a102d0d08
2020-05-16 09:50:53 INFO - tasks.py[396]: daily task running: poc scan 5e9d54c9cd1790337e6afdfe
2020-05-16 09:50:53 INFO - tasks.py[401]: daily task completed: poc scan 5e9d54c9cd1790337e6afdfe
2020-05-16 09:50:53 INFO - tasks.py[396]: daily task running: poc scan 5e9d34d4b85dd18a102d0d08
2020-05-16 09:50:53 INFO - tasks.py[401]: daily task completed: poc scan 5e9d54c9cd1790337e6afdfe
2020-05-16 09:50:53 INFO - tasks.py[396]: daily task running: poc scan 5e9d34d4b85dd18a102d0d08
2020-05-16 09:50:53 INFO - tasks.py[401]: daily task completed: poc scan 5e9d34d4b85dd18a102d0d08
2020-05-16 09:50:53 INFO - tasks.py[396]: daily task running: poc scan 5e9d54c9cd1790337e6afdfe
2020-05-16 09:50:53 INFO - tasks.py[401]: daily task completed: poc scan 5e9d54c9cd1790337e6afdfe
2020-05-16 09:50:53 INFO - tasks.py[396]: daily task running: poc scan 5e9d34d4b85dd18a102d0d08
2020-05-16 09:50:53 INFO - tasks.py[401]: daily task completed: poc scan 5e9d34d4b85dd18a102d0d08
2020-05-16 09:50:53 INFO - tasks.py[396]: daily task running: poc scan 5e9d54c9cd1790337e6afdfe
2020-05-16 09:50:53 INFO - tasks.py[401]: daily task completed: poc scan 5e9d34d4b85dd18a102d0d08
2020-05-16 09:50:53 INFO - tasks.py[396]: daily task running: poc scan 5e9d54c9cd1790337e6afdfe
2020-05-16 09:50:53 INFO - tasks.py[401]: daily task completed: poc scan 5e9d54c9cd1790337e6afdfe
2020-05-16 09:50:53 INFO - tasks.py[396]: daily task running: poc scan 5e9d34d4b85dd18a102d0d08
2020-05-16 09:50:53 INFO - tasks.py[401]: daily task completed: poc scan 5e9d34d4b85dd18a102d0d08
2020-05-16 09:50:53 INFO - tasks.py[396]: daily task running: poc scan 5e9d54c9cd1790337e6afdfe
2020-05-16 09:50:53 INFO - tasks.py[401]: daily task completed: poc scan 5e9d54c9cd1790337e6afdfe
2020-05-16 09:50:53 INFO - tasks.py[396]: daily task running: poc scan 5e9d34d4b85dd18a102d0d08
2020-05-16 09:50:53 INFO - tasks.py[401]: daily task completed: poc scan 5e9d34d4b85dd18a102d0d08
2020-05-16 09:50:53 INFO - tasks.py[396]: daily task running: poc scan 5e9d54c9cd1790337e6afdfe
2020-05-16 09:50:53 INFO - tasks.py[401]: daily task completed: poc scan 5e9d54c9cd1790337e6afdfe
2020-05-16 09:50:53 INFO - tasks.py[396]: daily task running: poc scan 5e9d34d4b85dd18a102d0d08
2020-05-16 09:50:53 INFO - tasks.py[401]: daily task completed: poc scan 5e9d54c9cd1790337e6afdfe
2020-05-16 09:50:53 INFO - tasks.py[401]: daily task completed: poc scan 5e9d34d4b85dd18a102d0d08
2020-05-16 09:50:53 INFO - tasks.py[396]: daily task running: poc scan 5e9d54c9cd1790337e6afdfe
2020-05-16 09:50:53 INFO - tasks.py[401]: daily task completed: poc scan 5e9d34d4b85dd18a102d0d08
2020-05-16 09:50:53 INFO - tasks.py[396]: daily task running: poc scan 5e9d54c9cd1790337e6afdfe
2020-05-16 09:50:53 INFO - tasks.py[401]: daily task completed: poc scan 5e9d54c9cd1790337e6afdfe
2020-05-16 09:50:53 INFO - tasks.py[401]: daily task completed: poc scan 5e9d54c9cd1790337e6afdfe
2020-05-16 09:50:53 INFO - tasks.py[401]: daily task completed: poc scan 5e9d54c9cd1790337e6afdfe
2020-05-16 09:50:54 INFO - tasks.py[396]: daily task running: poc scan 5e9d34d4b85dd18a102d0d08
2020-05-16 09:50:54 INFO - tasks.py[396]: daily task running: poc scan 5e9d34d4b85dd18a102d0d08
2020-05-16 09:50:54 INFO - tasks.py[396]: daily task running: poc scan 5e9d34d4b85dd18a102d0d08
2020-05-16 09:50:54 INFO - tasks.py[396]: daily task running: poc scan 5e9d34d4b85dd18a102d0d08
2020-05-16 09:50:55 INFO - tasks.py[401]: daily task completed: poc scan 5e9d34d4b85dd18a102d0d08
2020-05-16 09:50:55 INFO - tasks.py[396]: daily task running: poc scan 5e9d54c9cd1790337e6afdfe
2020-05-16 09:50:55 INFO - tasks.py[401]: daily task completed: poc scan 5e9d34d4b85dd18a102d0d08
2020-05-16 09:50:55 INFO - tasks.py[396]: daily task running: poc scan 5e9d54c9cd1790337e6afdfe
2020-05-16 09:50:55 INFO - tasks.py[401]: daily task completed: poc scan 5e9d34d4b85dd18a102d0d08
2020-05-16 09:50:55 INFO - tasks.py[396]: daily task running: poc scan 5e9d54c9cd1790337e6afdfe
2020-05-16 09:50:55 INFO - tasks.py[401]: daily task completed: poc scan 5e9d34d4b85dd18a102d0d08
2020-05-16 09:50:55 INFO - tasks.py[396]: daily task running: poc scan 5e9d54c9cd1790337e6afdfe
2020-05-16 09:50:55 INFO - tasks.py[401]: daily task completed: poc scan 5e9d54c9cd1790337e6afdfe
2020-05-16 09:50:55 INFO - tasks.py[396]: daily task running: poc scan 5e9d34d4b85dd18a102d0d08
2020-05-16 09:50:55 INFO - tasks.py[401]: daily task completed: poc scan 5e9d54c9cd1790337e6afdfe
2020-05-16 09:50:55 INFO - tasks.py[396]: daily task running: poc scan 5e9d34d4b85dd18a102d0d08
2020-05-16 09:50:55 INFO - tasks.py[401]: daily task completed: poc scan 5e9d54c9cd1790337e6afdfe
2020-05-16 09:50:55 INFO - tasks.py[396]: daily task running: poc scan 5e9d34d4b85dd18a102d0d08
2020-05-16 09:50:55 INFO - tasks.py[401]: daily task completed: poc scan 5e9d54c9cd1790337e6afdfe
2020-05-16 09:50:55 INFO - tasks.py[396]: daily task running: poc scan 5e9d34d4b85dd18a102d0d08
2020-05-16 09:50:55 INFO - tasks.py[401]: daily task completed: poc scan 5e9d34d4b85dd18a102d0d08
2020-05-16 09:50:55 INFO - tasks.py[396]: daily task running: poc scan 5e9d54c9cd1790337e6afdfe
2020-05-16 09:50:55 INFO - tasks.py[401]: daily task completed: poc scan 5e9d34d4b85dd18a102d0d08
2020-05-16 09:50:55 INFO - tasks.py[396]: daily task running: poc scan 5e9d54c9cd1790337e6afdfe
2020-05-16 09:50:55 INFO - tasks.py[401]: daily task completed: poc scan 5e9d34d4b85dd18a102d0d08
2020-05-16 09:50:55 INFO - tasks.py[396]: daily task running: poc scan 5e9d54c9cd1790337e6afdfe
2020-05-16 09:50:55 INFO - tasks.py[401]: daily task completed: poc scan 5e9d34d4b85dd18a102d0d08
2020-05-16 09:50:55 INFO - tasks.py[396]: daily task running: poc scan 5e9d54c9cd1790337e6afdfe
2020-05-16 09:50:55 INFO - tasks.py[401]: daily task completed: poc scan 5e9d54c9cd1790337e6afdfe
2020-05-16 09:50:55 INFO - tasks.py[396]: daily task running: poc scan 5e9d34d4b85dd18a102d0d08
2020-05-16 09:50:55 INFO - tasks.py[401]: daily task completed: poc scan 5e9d54c9cd1790337e6afdfe
2020-05-16 09:50:55 INFO - tasks.py[396]: daily task running: poc scan 5e9d34d4b85dd18a102d0d08
2020-05-16 09:50:55 INFO - tasks.py[401]: daily task completed: poc scan 5e9d54c9cd1790337e6afdfe
2020-05-16 09:50:55 INFO - tasks.py[396]: daily task running: poc scan 5e9d34d4b85dd18a102d0d08
2020-05-16 09:50:55 INFO - tasks.py[401]: daily task completed: poc scan 5e9d54c9cd1790337e6afdfe
2020-05-16 09:50:55 INFO - tasks.py[396]: daily task running: poc scan 5e9d34d4b85dd18a102d0d08
2020-05-16 09:50:55 INFO - tasks.py[401]: daily task completed: poc scan 5e9d34d4b85dd18a102d0d08
2020-05-16 09:50:55 INFO - tasks.py[396]: daily task running: poc scan 5e9d54c9cd1790337e6afdfe
2020-05-16 09:50:55 INFO - tasks.py[401]: daily task completed: poc scan 5e9d34d4b85dd18a102d0d08
2020-05-16 09:50:55 INFO - tasks.py[396]: daily task running: poc scan 5e9d54c9cd1790337e6afdfe
2020-05-16 09:50:55 INFO - tasks.py[401]: daily task completed: poc scan 5e9d34d4b85dd18a102d0d08
2020-05-16 09:50:55 INFO - tasks.py[396]: daily task running: poc scan 5e9d54c9cd1790337e6afdfe
2020-05-16 09:50:55 INFO - tasks.py[401]: daily task completed: poc scan 5e9d34d4b85dd18a102d0d08
2020-05-16 09:50:55 INFO - tasks.py[396]: daily task running: poc scan 5e9d54c9cd1790337e6afdfe
2020-05-16 09:50:55 INFO - tasks.py[401]: daily task completed: poc scan 5e9d54c9cd1790337e6afdfe
2020-05-16 09:50:55 INFO - tasks.py[401]: daily task completed: poc scan 5e9d54c9cd1790337e6afdfe
2020-05-16 09:50:55 INFO - tasks.py[401]: daily task completed: poc scan 5e9d54c9cd1790337e6afdfe
2020-05-16 09:50:55 INFO - tasks.py[401]: daily task completed: poc scan 5e9d54c9cd1790337e6afdfe
2020-05-16 09:50:56 INFO - tasks.py[396]: daily task running: poc scan 5e9d34d4b85dd18a102d0d08
2020-05-16 09:50:56 INFO - tasks.py[396]: daily task running: poc scan 5e9d34d4b85dd18a102d0d08
2020-05-16 09:50:56 INFO - tasks.py[396]: daily task running: poc scan 5e9d34d4b85dd18a102d0d08
2020-05-16 09:50:56 INFO - tasks.py[396]: daily task running: poc scan 5e9d34d4b85dd18a102d0d08
2020-05-16 09:50:57 INFO - tasks.py[401]: daily task completed: poc scan 5e9d34d4b85dd18a102d0d08
2020-05-16 09:50:57 INFO - tasks.py[401]: daily task completed: poc scan 5e9d34d4b85dd18a102d0d08
2020-05-16 09:50:57 INFO - tasks.py[396]: daily task running: poc scan 5e9d54c9cd1790337e6afdfe
2020-05-16 09:50:57 INFO - tasks.py[396]: daily task running: poc scan 5e9d54c9cd1790337e6afdfe
2020-05-16 09:50:57 INFO - tasks.py[401]: daily task completed: poc scan 5e9d34d4b85dd18a102d0d08
2020-05-16 09:50:57 INFO - tasks.py[396]: daily task running: poc scan 5e9d54c9cd1790337e6afdfe
2020-05-16 09:50:57 INFO - tasks.py[401]: daily task completed: poc scan 5e9d34d4b85dd18a102d0d08
2020-05-16 09:50:57 INFO - tasks.py[396]: daily task running: poc scan 5e9d54c9cd1790337e6afdfe
2020-05-16 09:50:57 INFO - tasks.py[401]: daily task completed: poc scan 5e9d54c9cd1790337e6afdfe
2020-05-16 09:50:57 INFO - tasks.py[396]: daily task running: poc scan 5e9d34d4b85dd18a102d0d08
2020-05-16 09:50:57 INFO - tasks.py[401]: daily task completed: poc scan 5e9d54c9cd1790337e6afdfe
2020-05-16 09:50:57 INFO - tasks.py[396]: daily task running: poc scan 5e9d34d4b85dd18a102d0d08
2020-05-16 09:50:57 INFO - tasks.py[401]: daily task completed: poc scan 5e9d54c9cd1790337e6afdfe
2020-05-16 09:50:57 INFO - tasks.py[396]: daily task running: poc scan 5e9d34d4b85dd18a102d0d08
2020-05-16 09:50:57 INFO - tasks.py[401]: daily task completed: poc scan 5e9d54c9cd1790337e6afdfe
2020-05-16 09:50:57 INFO - tasks.py[396]: daily task running: poc scan 5e9d34d4b85dd18a102d0d08
2020-05-16 09:50:57 INFO - tasks.py[401]: daily task completed: poc scan 5e9d34d4b85dd18a102d0d08
2020-05-16 09:50:57 INFO - tasks.py[396]: daily task running: poc scan 5e9d54c9cd1790337e6afdfe
2020-05-16 09:50:57 INFO - tasks.py[401]: daily task completed: poc scan 5e9d34d4b85dd18a102d0d08
2020-05-16 09:50:57 INFO - tasks.py[396]: daily task running: poc scan 5e9d54c9cd1790337e6afdfe
2020-05-16 09:50:57 INFO - tasks.py[401]: daily task completed: poc scan 5e9d34d4b85dd18a102d0d08
2020-05-16 09:50:57 INFO - tasks.py[396]: daily task running: poc scan 5e9d54c9cd1790337e6afdfe
2020-05-16 09:50:57 INFO - tasks.py[401]: daily task completed: poc scan 5e9d34d4b85dd18a102d0d08
2020-05-16 09:50:57 INFO - tasks.py[396]: daily task running: poc scan 5e9d54c9cd1790337e6afdfe
2020-05-16 09:50:57 INFO - tasks.py[401]: daily task completed: poc scan 5e9d54c9cd1790337e6afdfe
2020-05-16 09:50:57 INFO - tasks.py[396]: daily task running: poc scan 5e9d34d4b85dd18a102d0d08
2020-05-16 09:50:57 INFO - tasks.py[401]: daily task completed: poc scan 5e9d54c9cd1790337e6afdfe
2020-05-16 09:50:57 INFO - tasks.py[396]: daily task running: poc scan 5e9d34d4b85dd18a102d0d08
2020-05-16 09:50:57 INFO - tasks.py[401]: daily task completed: poc scan 5e9d54c9cd1790337e6afdfe
2020-05-16 09:50:57 INFO - tasks.py[396]: daily task running: poc scan 5e9d34d4b85dd18a102d0d08
2020-05-16 09:50:57 INFO - tasks.py[401]: daily task completed: poc scan 5e9d54c9cd1790337e6afdfe
2020-05-16 09:50:57 INFO - tasks.py[396]: daily task running: poc scan 5e9d34d4b85dd18a102d0d08
2020-05-16 09:50:57 INFO - tasks.py[401]: daily task completed: poc scan 5e9d34d4b85dd18a102d0d08
2020-05-16 09:50:57 INFO - tasks.py[396]: daily task running: poc scan 5e9d54c9cd1790337e6afdfe
2020-05-16 09:50:57 INFO - tasks.py[401]: daily task completed: poc scan 5e9d34d4b85dd18a102d0d08
2020-05-16 09:50:57 INFO - tasks.py[396]: daily task running: poc scan 5e9d54c9cd1790337e6afdfe
2020-05-16 09:50:57 INFO - tasks.py[401]: daily task completed: poc scan 5e9d34d4b85dd18a102d0d08
2020-05-16 09:50:57 INFO - tasks.py[396]: daily task running: poc scan 5e9d54c9cd1790337e6afdfe
2020-05-16 09:50:57 INFO - tasks.py[401]: daily task completed: poc scan 5e9d34d4b85dd18a102d0d08
2020-05-16 09:50:57 INFO - tasks.py[396]: daily task running: poc scan 5e9d54c9cd1790337e6afdfe
2020-05-16 09:50:57 INFO - tasks.py[401]: daily task completed: poc scan 5e9d54c9cd1790337e6afdfe
2020-05-16 09:50:57 INFO - tasks.py[401]: daily task completed: poc scan 5e9d54c9cd1790337e6afdfe
2020-05-16 09:50:57 INFO - tasks.py[401]: daily task completed: poc scan 5e9d54c9cd1790337e6afdfe
2020-05-16 09:50:58 INFO - tasks.py[401]: daily task completed: poc scan 5e9d54c9cd1790337e6afdfe
2020-05-16 09:50:58 INFO - tasks.py[396]: daily task running: poc scan 5e9d34d4b85dd18a102d0d08
2020-05-16 09:50:58 INFO - tasks.py[396]: daily task running: poc scan 5e9d34d4b85dd18a102d0d08
2020-05-16 09:50:58 INFO - tasks.py[396]: daily task running: poc scan 5e9d34d4b85dd18a102d0d08
2020-05-16 09:50:58 INFO - tasks.py[396]: daily task running: poc scan 5e9d34d4b85dd18a102d0d08
2020-05-16 09:50:59 INFO - tasks.py[401]: daily task completed: poc scan 5e9d34d4b85dd18a102d0d08
2020-05-16 09:50:59 INFO - tasks.py[396]: daily task running: poc scan 5e9d54c9cd1790337e6afdfe
2020-05-16 09:50:59 INFO - tasks.py[401]: daily task completed: poc scan 5e9d34d4b85dd18a102d0d08
2020-05-16 09:50:59 INFO - tasks.py[396]: daily task running: poc scan 5e9d54c9cd1790337e6afdfe
2020-05-16 09:50:59 INFO - tasks.py[401]: daily task completed: poc scan 5e9d34d4b85dd18a102d0d08
2020-05-16 09:50:59 INFO - tasks.py[396]: daily task running: poc scan 5e9d54c9cd1790337e6afdfe
2020-05-16 09:50:59 INFO - tasks.py[401]: daily task completed: poc scan 5e9d34d4b85dd18a102d0d08
2020-05-16 09:50:59 INFO - tasks.py[396]: daily task running: poc scan 5e9d54c9cd1790337e6afdfe
2020-05-16 09:50:59 INFO - tasks.py[401]: daily task completed: poc scan 5e9d54c9cd1790337e6afdfe
2020-05-16 09:50:59 INFO - tasks.py[401]: daily task completed: poc scan 5e9d54c9cd1790337e6afdfe
2020-05-16 09:50:59 INFO - tasks.py[396]: daily task running: poc scan 5e9d34d4b85dd18a102d0d08
2020-05-16 09:50:59 INFO - tasks.py[396]: daily task running: poc scan 5e9d34d4b85dd18a102d0d08
2020-05-16 09:50:59 INFO - tasks.py[401]: daily task completed: poc scan 5e9d54c9cd1790337e6afdfe
2020-05-16 09:50:59 INFO - tasks.py[396]: daily task running: poc scan 5e9d34d4b85dd18a102d0d08
2020-05-16 09:50:59 INFO - tasks.py[401]: daily task completed: poc scan 5e9d54c9cd1790337e6afdfe
2020-05-16 09:50:59 INFO - tasks.py[396]: daily task running: poc scan 5e9d34d4b85dd18a102d0d08
2020-05-16 09:50:59 INFO - tasks.py[401]: daily task completed: poc scan 5e9d34d4b85dd18a102d0d08
2020-05-16 09:50:59 INFO - tasks.py[396]: daily task running: poc scan 5e9d54c9cd1790337e6afdfe
2020-05-16 09:50:59 INFO - tasks.py[401]: daily task completed: poc scan 5e9d34d4b85dd18a102d0d08
2020-05-16 09:50:59 INFO - tasks.py[396]: daily task running: poc scan 5e9d54c9cd1790337e6afdfe
2020-05-16 09:50:59 INFO - tasks.py[401]: daily task completed: poc scan 5e9d34d4b85dd18a102d0d08
2020-05-16 09:50:59 INFO - tasks.py[396]: daily task running: poc scan 5e9d54c9cd1790337e6afdfe
2020-05-16 09:50:59 INFO - tasks.py[401]: daily task completed: poc scan 5e9d34d4b85dd18a102d0d08
2020-05-16 09:50:59 INFO - tasks.py[396]: daily task running: poc scan 5e9d54c9cd1790337e6afdfe
2020-05-16 09:50:59 INFO - tasks.py[401]: daily task completed: poc scan 5e9d54c9cd1790337e6afdfe
2020-05-16 09:50:59 INFO - tasks.py[396]: daily task running: poc scan 5e9d34d4b85dd18a102d0d08
2020-05-16 09:50:59 INFO - tasks.py[401]: daily task completed: poc scan 5e9d54c9cd1790337e6afdfe
2020-05-16 09:50:59 INFO - tasks.py[396]: daily task running: poc scan 5e9d34d4b85dd18a102d0d08
2020-05-16 09:50:59 INFO - tasks.py[401]: daily task completed: poc scan 5e9d54c9cd1790337e6afdfe
2020-05-16 09:50:59 INFO - tasks.py[401]: daily task completed: poc scan 5e9d54c9cd1790337e6afdfe
2020-05-16 09:50:59 INFO - tasks.py[396]: daily task running: poc scan 5e9d34d4b85dd18a102d0d08
2020-05-16 09:50:59 INFO - tasks.py[396]: daily task running: poc scan 5e9d34d4b85dd18a102d0d08
2020-05-16 09:50:59 INFO - tasks.py[401]: daily task completed: poc scan 5e9d34d4b85dd18a102d0d08
2020-05-16 09:50:59 INFO - tasks.py[396]: daily task running: poc scan 5e9d54c9cd1790337e6afdfe
2020-05-16 09:50:59 INFO - tasks.py[401]: daily task completed: poc scan 5e9d34d4b85dd18a102d0d08
2020-05-16 09:50:59 INFO - tasks.py[396]: daily task running: poc scan 5e9d54c9cd1790337e6afdfe
2020-05-16 09:50:59 INFO - tasks.py[401]: daily task completed: poc scan 5e9d34d4b85dd18a102d0d08
2020-05-16 09:50:59 INFO - tasks.py[401]: daily task completed: poc scan 5e9d34d4b85dd18a102d0d08
2020-05-16 09:50:59 INFO - tasks.py[396]: daily task running: poc scan 5e9d54c9cd1790337e6afdfe
2020-05-16 09:50:59 INFO - tasks.py[396]: daily task running: poc scan 5e9d54c9cd1790337e6afdfe
2020-05-16 09:50:59 INFO - tasks.py[401]: daily task completed: poc scan 5e9d54c9cd1790337e6afdfe
2020-05-16 09:50:59 INFO - tasks.py[401]: daily task completed: poc scan 5e9d54c9cd1790337e6afdfe
2020-05-16 09:50:59 INFO - tasks.py[401]: daily task completed: poc scan 5e9d54c9cd1790337e6afdfe
2020-05-16 09:50:59 INFO - tasks.py[401]: daily task completed: poc scan 5e9d54c9cd1790337e6afdfe
2020-05-16 09:51:00 INFO - tasks.py[396]: daily task running: poc scan 5e9d34d4b85dd18a102d0d08
2020-05-16 09:51:00 INFO - tasks.py[396]: daily task running: poc scan 5e9d34d4b85dd18a102d0d08
2020-05-16 09:51:00 INFO - tasks.py[396]: daily task running: poc scan 5e9d34d4b85dd18a102d0d08
2020-05-16 09:51:00 INFO - tasks.py[396]: daily task running: poc scan 5e9d34d4b85dd18a102d0d08
2020-05-16 09:51:01 INFO - tasks.py[401]: daily task completed: poc scan 5e9d34d4b85dd18a102d0d08
2020-05-16 09:51:01 INFO - tasks.py[396]: daily task running: poc scan 5e9d54c9cd1790337e6afdfe
2020-05-16 09:51:01 INFO - tasks.py[401]: daily task completed: poc scan 5e9d34d4b85dd18a102d0d08
2020-05-16 09:51:01 INFO - tasks.py[396]: daily task running: poc scan 5e9d54c9cd1790337e6afdfe
2020-05-16 09:51:01 INFO - tasks.py[401]: daily task completed: poc scan 5e9d34d4b85dd18a102d0d08
2020-05-16 09:51:01 INFO - tasks.py[396]: daily task running: poc scan 5e9d54c9cd1790337e6afdfe
2020-05-16 09:51:01 INFO - tasks.py[401]: daily task completed: poc scan 5e9d34d4b85dd18a102d0d08
2020-05-16 09:51:01 INFO - tasks.py[396]: daily task running: poc scan 5e9d54c9cd1790337e6afdfe
2020-05-16 09:51:01 INFO - tasks.py[401]: daily task completed: poc scan 5e9d54c9cd1790337e6afdfe
2020-05-16 09:51:01 INFO - tasks.py[396]: daily task running: poc scan 5e9d34d4b85dd18a102d0d08
2020-05-16 09:51:01 INFO - tasks.py[401]: daily task completed: poc scan 5e9d54c9cd1790337e6afdfe
2020-05-16 09:51:01 INFO - tasks.py[396]: daily task running: poc scan 5e9d34d4b85dd18a102d0d08
2020-05-16 09:51:01 INFO - tasks.py[401]: daily task completed: poc scan 5e9d54c9cd1790337e6afdfe
2020-05-16 09:51:01 INFO - tasks.py[396]: daily task running: poc scan 5e9d34d4b85dd18a102d0d08
2020-05-16 09:51:01 INFO - tasks.py[401]: daily task completed: poc scan 5e9d54c9cd1790337e6afdfe
2020-05-16 09:51:01 INFO - tasks.py[396]: daily task running: poc scan 5e9d34d4b85dd18a102d0d08
2020-05-16 09:51:01 INFO - tasks.py[401]: daily task completed: poc scan 5e9d34d4b85dd18a102d0d08
2020-05-16 09:51:01 INFO - tasks.py[396]: daily task running: poc scan 5e9d54c9cd1790337e6afdfe
2020-05-16 09:51:01 INFO - tasks.py[401]: daily task completed: poc scan 5e9d34d4b85dd18a102d0d08
2020-05-16 09:51:01 INFO - tasks.py[396]: daily task running: poc scan 5e9d54c9cd1790337e6afdfe
2020-05-16 09:51:01 INFO - tasks.py[401]: daily task completed: poc scan 5e9d34d4b85dd18a102d0d08
2020-05-16 09:51:01 INFO - tasks.py[401]: daily task completed: poc scan 5e9d34d4b85dd18a102d0d08
2020-05-16 09:51:01 INFO - tasks.py[396]: daily task running: poc scan 5e9d54c9cd1790337e6afdfe
2020-05-16 09:51:01 INFO - tasks.py[396]: daily task running: poc scan 5e9d54c9cd1790337e6afdfe
2020-05-16 09:51:01 INFO - tasks.py[401]: daily task completed: poc scan 5e9d54c9cd1790337e6afdfe
2020-05-16 09:51:01 INFO - tasks.py[396]: daily task running: poc scan 5e9d34d4b85dd18a102d0d08
2020-05-16 09:51:01 INFO - tasks.py[401]: daily task completed: poc scan 5e9d54c9cd1790337e6afdfe
2020-05-16 09:51:01 INFO - tasks.py[396]: daily task running: poc scan 5e9d34d4b85dd18a102d0d08
2020-05-16 09:51:01 INFO - tasks.py[401]: daily task completed: poc scan 5e9d54c9cd1790337e6afdfe
2020-05-16 09:51:01 INFO - tasks.py[396]: daily task running: poc scan 5e9d34d4b85dd18a102d0d08
2020-05-16 09:51:01 INFO - tasks.py[401]: daily task completed: poc scan 5e9d54c9cd1790337e6afdfe
2020-05-16 09:51:01 INFO - tasks.py[396]: daily task running: poc scan 5e9d34d4b85dd18a102d0d08
2020-05-16 09:51:01 INFO - tasks.py[401]: daily task completed: poc scan 5e9d34d4b85dd18a102d0d08
2020-05-16 09:51:01 INFO - tasks.py[396]: daily task running: poc scan 5e9d54c9cd1790337e6afdfe
2020-05-16 09:51:01 INFO - tasks.py[401]: daily task completed: poc scan 5e9d34d4b85dd18a102d0d08
2020-05-16 09:51:01 INFO - tasks.py[396]: daily task running: poc scan 5e9d54c9cd1790337e6afdfe
2020-05-16 09:51:01 INFO - tasks.py[401]: daily task completed: poc scan 5e9d34d4b85dd18a102d0d08
2020-05-16 09:51:01 INFO - tasks.py[396]: daily task running: poc scan 5e9d54c9cd1790337e6afdfe
2020-05-16 09:51:01 INFO - tasks.py[401]: daily task completed: poc scan 5e9d34d4b85dd18a102d0d08
2020-05-16 09:51:01 INFO - tasks.py[396]: daily task running: poc scan 5e9d54c9cd1790337e6afdfe
2020-05-16 09:51:01 INFO - tasks.py[401]: daily task completed: poc scan 5e9d54c9cd1790337e6afdfe
2020-05-16 09:51:01 INFO - tasks.py[401]: daily task completed: poc scan 5e9d54c9cd1790337e6afdfe
2020-05-16 09:51:01 INFO - tasks.py[401]: daily task completed: poc scan 5e9d54c9cd1790337e6afdfe
2020-05-16 09:51:01 INFO - tasks.py[401]: daily task completed: poc scan 5e9d54c9cd1790337e6afdfe
2020-05-16 09:51:02 INFO - tasks.py[396]: daily task running: poc scan 5e9d34d4b85dd18a102d0d08
2020-05-16 09:51:02 INFO - tasks.py[396]: daily task running: poc scan 5e9d34d4b85dd18a102d0d08
2020-05-16 09:51:02 INFO - tasks.py[396]: daily task running: poc scan 5e9d34d4b85dd18a102d0d08
2020-05-16 09:51:02 INFO - tasks.py[396]: daily task running: poc scan 5e9d34d4b85dd18a102d0d08
2020-05-16 09:51:03 INFO - tasks.py[401]: daily task completed: poc scan 5e9d34d4b85dd18a102d0d08
2020-05-16 09:51:03 INFO - tasks.py[396]: daily task running: poc scan 5e9d54c9cd1790337e6afdfe
2020-05-16 09:51:03 INFO - tasks.py[401]: daily task completed: poc scan 5e9d34d4b85dd18a102d0d08
2020-05-16 09:51:03 INFO - tasks.py[396]: daily task running: poc scan 5e9d54c9cd1790337e6afdfe
2020-05-16 09:51:03 INFO - tasks.py[401]: daily task completed: poc scan 5e9d34d4b85dd18a102d0d08
2020-05-16 09:51:03 INFO - tasks.py[396]: daily task running: poc scan 5e9d54c9cd1790337e6afdfe
2020-05-16 09:51:03 INFO - tasks.py[401]: daily task completed: poc scan 5e9d34d4b85dd18a102d0d08
2020-05-16 09:51:03 INFO - tasks.py[396]: daily task running: poc scan 5e9d54c9cd1790337e6afdfe
2020-05-16 09:51:03 INFO - tasks.py[401]: daily task completed: poc scan 5e9d54c9cd1790337e6afdfe
2020-05-16 09:51:03 INFO - tasks.py[396]: daily task running: poc scan 5e9d34d4b85dd18a102d0d08
2020-05-16 09:51:03 INFO - tasks.py[401]: daily task completed: poc scan 5e9d54c9cd1790337e6afdfe
2020-05-16 09:51:03 INFO - tasks.py[396]: daily task running: poc scan 5e9d34d4b85dd18a102d0d08
2020-05-16 09:51:03 INFO - tasks.py[401]: daily task completed: poc scan 5e9d54c9cd1790337e6afdfe
2020-05-16 09:51:03 INFO - tasks.py[396]: daily task running: poc scan 5e9d34d4b85dd18a102d0d08
2020-05-16 09:51:03 INFO - tasks.py[401]: daily task completed: poc scan 5e9d54c9cd1790337e6afdfe
2020-05-16 09:51:03 INFO - tasks.py[396]: daily task running: poc scan 5e9d34d4b85dd18a102d0d08
2020-05-16 09:51:03 INFO - tasks.py[401]: daily task completed: poc scan 5e9d34d4b85dd18a102d0d08
2020-05-16 09:51:03 INFO - tasks.py[396]: daily task running: poc scan 5e9d54c9cd1790337e6afdfe
2020-05-16 09:51:03 INFO - tasks.py[401]: daily task completed: poc scan 5e9d34d4b85dd18a102d0d08
2020-05-16 09:51:03 INFO - tasks.py[396]: daily task running: poc scan 5e9d54c9cd1790337e6afdfe
2020-05-16 09:51:03 INFO - tasks.py[401]: daily task completed: poc scan 5e9d34d4b85dd18a102d0d08
2020-05-16 09:51:03 INFO - tasks.py[396]: daily task running: poc scan 5e9d54c9cd1790337e6afdfe
2020-05-16 09:51:03 INFO - tasks.py[401]: daily task completed: poc scan 5e9d34d4b85dd18a102d0d08
2020-05-16 09:51:03 INFO - tasks.py[396]: daily task running: poc scan 5e9d54c9cd1790337e6afdfe
2020-05-16 09:51:03 INFO - tasks.py[401]: daily task completed: poc scan 5e9d54c9cd1790337e6afdfe
2020-05-16 09:51:03 INFO - tasks.py[401]: daily task completed: poc scan 5e9d54c9cd1790337e6afdfe
2020-05-16 09:51:03 INFO - tasks.py[396]: daily task running: poc scan 5e9d34d4b85dd18a102d0d08
2020-05-16 09:51:03 INFO - tasks.py[396]: daily task running: poc scan 5e9d34d4b85dd18a102d0d08
2020-05-16 09:51:03 INFO - tasks.py[401]: daily task completed: poc scan 5e9d54c9cd1790337e6afdfe
2020-05-16 09:51:03 INFO - tasks.py[396]: daily task running: poc scan 5e9d34d4b85dd18a102d0d08
2020-05-16 09:51:03 INFO - tasks.py[401]: daily task completed: poc scan 5e9d54c9cd1790337e6afdfe
2020-05-16 09:51:03 INFO - tasks.py[396]: daily task running: poc scan 5e9d34d4b85dd18a102d0d08
2020-05-16 09:51:03 INFO - tasks.py[401]: daily task completed: poc scan 5e9d34d4b85dd18a102d0d08
2020-05-16 09:51:03 INFO - tasks.py[396]: daily task running: poc scan 5e9d54c9cd1790337e6afdfe
2020-05-16 09:51:03 INFO - tasks.py[401]: daily task completed: poc scan 5e9d34d4b85dd18a102d0d08
2020-05-16 09:51:03 INFO - tasks.py[396]: daily task running: poc scan 5e9d54c9cd1790337e6afdfe
2020-05-16 09:51:03 INFO - tasks.py[401]: daily task completed: poc scan 5e9d34d4b85dd18a102d0d08
2020-05-16 09:51:03 INFO - tasks.py[396]: daily task running: poc scan 5e9d54c9cd1790337e6afdfe
2020-05-16 09:51:03 INFO - tasks.py[401]: daily task completed: poc scan 5e9d34d4b85dd18a102d0d08
2020-05-16 09:51:03 INFO - tasks.py[396]: daily task running: poc scan 5e9d54c9cd1790337e6afdfe
2020-05-16 09:51:03 INFO - tasks.py[401]: daily task completed: poc scan 5e9d54c9cd1790337e6afdfe
2020-05-16 09:51:03 INFO - tasks.py[401]: daily task completed: poc scan 5e9d54c9cd1790337e6afdfe
2020-05-16 09:51:04 INFO - tasks.py[401]: daily task completed: poc scan 5e9d54c9cd1790337e6afdfe
2020-05-16 09:51:04 INFO - tasks.py[401]: daily task completed: poc scan 5e9d54c9cd1790337e6afdfe
2020-05-16 09:51:04 INFO - tasks.py[396]: daily task running: poc scan 5e9d34d4b85dd18a102d0d08
2020-05-16 09:51:04 INFO - tasks.py[396]: daily task running: poc scan 5e9d34d4b85dd18a102d0d08
2020-05-16 09:51:04 INFO - tasks.py[396]: daily task running: poc scan 5e9d34d4b85dd18a102d0d08
2020-05-16 09:51:04 INFO - tasks.py[396]: daily task running: poc scan 5e9d34d4b85dd18a102d0d08
2020-05-16 09:51:05 INFO - tasks.py[401]: daily task completed: poc scan 5e9d34d4b85dd18a102d0d08
2020-05-16 09:51:05 INFO - tasks.py[396]: daily task running: poc scan 5e9d54c9cd1790337e6afdfe
2020-05-16 09:51:05 INFO - tasks.py[401]: daily task completed: poc scan 5e9d34d4b85dd18a102d0d08
2020-05-16 09:51:05 INFO - tasks.py[401]: daily task completed: poc scan 5e9d34d4b85dd18a102d0d08
2020-05-16 09:51:05 INFO - tasks.py[396]: daily task running: poc scan 5e9d54c9cd1790337e6afdfe
2020-05-16 09:51:05 INFO - tasks.py[396]: daily task running: poc scan 5e9d54c9cd1790337e6afdfe
2020-05-16 09:51:05 INFO - tasks.py[401]: daily task completed: poc scan 5e9d34d4b85dd18a102d0d08
2020-05-16 09:51:05 INFO - tasks.py[396]: daily task running: poc scan 5e9d54c9cd1790337e6afdfe
2020-05-16 09:51:05 INFO - tasks.py[401]: daily task completed: poc scan 5e9d54c9cd1790337e6afdfe
2020-05-16 09:51:05 INFO - tasks.py[396]: daily task running: poc scan 5e9d34d4b85dd18a102d0d08
2020-05-16 09:51:05 INFO - tasks.py[401]: daily task completed: poc scan 5e9d54c9cd1790337e6afdfe
2020-05-16 09:51:05 INFO - tasks.py[396]: daily task running: poc scan 5e9d34d4b85dd18a102d0d08
2020-05-16 09:51:05 INFO - tasks.py[401]: daily task completed: poc scan 5e9d54c9cd1790337e6afdfe
2020-05-16 09:51:05 INFO - tasks.py[401]: daily task completed: poc scan 5e9d54c9cd1790337e6afdfe
2020-05-16 09:51:05 INFO - tasks.py[396]: daily task running: poc scan 5e9d34d4b85dd18a102d0d08
2020-05-16 09:51:05 INFO - tasks.py[396]: daily task running: poc scan 5e9d34d4b85dd18a102d0d08
2020-05-16 09:51:05 INFO - tasks.py[401]: daily task completed: poc scan 5e9d34d4b85dd18a102d0d08
2020-05-16 09:51:05 INFO - tasks.py[396]: daily task running: poc scan 5e9d54c9cd1790337e6afdfe
2020-05-16 09:51:05 INFO - tasks.py[401]: daily task completed: poc scan 5e9d34d4b85dd18a102d0d08
2020-05-16 09:51:05 INFO - tasks.py[396]: daily task running: poc scan 5e9d54c9cd1790337e6afdfe
2020-05-16 09:51:05 INFO - tasks.py[401]: daily task completed: poc scan 5e9d34d4b85dd18a102d0d08
2020-05-16 09:51:05 INFO - tasks.py[396]: daily task running: poc scan 5e9d54c9cd1790337e6afdfe
2020-05-16 09:51:05 INFO - tasks.py[401]: daily task completed: poc scan 5e9d34d4b85dd18a102d0d08
2020-05-16 09:51:05 INFO - tasks.py[396]: daily task running: poc scan 5e9d54c9cd1790337e6afdfe
2020-05-16 09:51:05 INFO - tasks.py[401]: daily task completed: poc scan 5e9d54c9cd1790337e6afdfe
2020-05-16 09:51:05 INFO - tasks.py[396]: daily task running: poc scan 5e9d34d4b85dd18a102d0d08
2020-05-16 09:51:05 INFO - tasks.py[401]: daily task completed: poc scan 5e9d54c9cd1790337e6afdfe
2020-05-16 09:51:05 INFO - tasks.py[396]: daily task running: poc scan 5e9d34d4b85dd18a102d0d08
2020-05-16 09:51:05 INFO - tasks.py[401]: daily task completed: poc scan 5e9d54c9cd1790337e6afdfe
2020-05-16 09:51:05 INFO - tasks.py[401]: daily task completed: poc scan 5e9d54c9cd1790337e6afdfe
2020-05-16 09:51:05 INFO - tasks.py[396]: daily task running: poc scan 5e9d34d4b85dd18a102d0d08
2020-05-16 09:51:05 INFO - tasks.py[396]: daily task running: poc scan 5e9d34d4b85dd18a102d0d08
2020-05-16 09:51:06 INFO - tasks.py[401]: daily task completed: poc scan 5e9d34d4b85dd18a102d0d08
2020-05-16 09:51:06 INFO - tasks.py[396]: daily task running: poc scan 5e9d54c9cd1790337e6afdfe
2020-05-16 09:51:06 INFO - tasks.py[401]: daily task completed: poc scan 5e9d34d4b85dd18a102d0d08
2020-05-16 09:51:06 INFO - tasks.py[396]: daily task running: poc scan 5e9d54c9cd1790337e6afdfe
2020-05-16 09:51:06 INFO - tasks.py[401]: daily task completed: poc scan 5e9d34d4b85dd18a102d0d08
2020-05-16 09:51:06 INFO - tasks.py[396]: daily task running: poc scan 5e9d54c9cd1790337e6afdfe
2020-05-16 09:51:06 INFO - tasks.py[401]: daily task completed: poc scan 5e9d34d4b85dd18a102d0d08
2020-05-16 09:51:06 INFO - tasks.py[396]: daily task running: poc scan 5e9d54c9cd1790337e6afdfe
2020-05-16 09:51:06 INFO - tasks.py[401]: daily task completed: poc scan 5e9d54c9cd1790337e6afdfe
2020-05-16 09:51:06 INFO - tasks.py[401]: daily task completed: poc scan 5e9d54c9cd1790337e6afdfe
2020-05-16 09:51:06 INFO - tasks.py[401]: daily task completed: poc scan 5e9d54c9cd1790337e6afdfe
2020-05-16 09:51:06 INFO - tasks.py[401]: daily task completed: poc scan 5e9d54c9cd1790337e6afdfe
2020-05-16 09:51:06 INFO - tasks.py[396]: daily task running: poc scan 5e9d34d4b85dd18a102d0d08
2020-05-16 09:51:06 INFO - tasks.py[396]: daily task running: poc scan 5e9d34d4b85dd18a102d0d08
2020-05-16 09:51:06 INFO - tasks.py[396]: daily task running: poc scan 5e9d34d4b85dd18a102d0d08
2020-05-16 09:51:06 INFO - tasks.py[396]: daily task running: poc scan 5e9d34d4b85dd18a102d0d08
2020-05-16 09:51:07 INFO - tasks.py[401]: daily task completed: poc scan 5e9d34d4b85dd18a102d0d08
2020-05-16 09:51:07 INFO - tasks.py[396]: daily task running: poc scan 5e9d54c9cd1790337e6afdfe
2020-05-16 09:51:07 INFO - tasks.py[401]: daily task completed: poc scan 5e9d34d4b85dd18a102d0d08
2020-05-16 09:51:07 INFO - tasks.py[396]: daily task running: poc scan 5e9d54c9cd1790337e6afdfe
2020-05-16 09:51:07 INFO - tasks.py[401]: daily task completed: poc scan 5e9d34d4b85dd18a102d0d08
2020-05-16 09:51:07 INFO - tasks.py[396]: daily task running: poc scan 5e9d54c9cd1790337e6afdfe
2020-05-16 09:51:07 INFO - tasks.py[401]: daily task completed: poc scan 5e9d34d4b85dd18a102d0d08
2020-05-16 09:51:07 INFO - tasks.py[396]: daily task running: poc scan 5e9d54c9cd1790337e6afdfe
2020-05-16 09:51:07 INFO - tasks.py[401]: daily task completed: poc scan 5e9d54c9cd1790337e6afdfe
2020-05-16 09:51:07 INFO - tasks.py[396]: daily task running: poc scan 5e9d34d4b85dd18a102d0d08
2020-05-16 09:51:07 INFO - tasks.py[401]: daily task completed: poc scan 5e9d54c9cd1790337e6afdfe
2020-05-16 09:51:07 INFO - tasks.py[396]: daily task running: poc scan 5e9d34d4b85dd18a102d0d08
2020-05-16 09:51:07 INFO - tasks.py[401]: daily task completed: poc scan 5e9d54c9cd1790337e6afdfe
2020-05-16 09:51:07 INFO - tasks.py[396]: daily task running: poc scan 5e9d34d4b85dd18a102d0d08
2020-05-16 09:51:07 INFO - tasks.py[401]: daily task completed: poc scan 5e9d54c9cd1790337e6afdfe
2020-05-16 09:51:07 INFO - tasks.py[396]: daily task running: poc scan 5e9d34d4b85dd18a102d0d08
2020-05-16 09:51:07 INFO - tasks.py[401]: daily task completed: poc scan 5e9d34d4b85dd18a102d0d08
2020-05-16 09:51:07 INFO - tasks.py[396]: daily task running: poc scan 5e9d54c9cd1790337e6afdfe
2020-05-16 09:51:07 INFO - tasks.py[401]: daily task completed: poc scan 5e9d34d4b85dd18a102d0d08
2020-05-16 09:51:07 INFO - tasks.py[396]: daily task running: poc scan 5e9d54c9cd1790337e6afdfe
2020-05-16 09:51:07 INFO - tasks.py[401]: daily task completed: poc scan 5e9d34d4b85dd18a102d0d08
2020-05-16 09:51:07 INFO - tasks.py[401]: daily task completed: poc scan 5e9d34d4b85dd18a102d0d08
2020-05-16 09:51:07 INFO - tasks.py[396]: daily task running: poc scan 5e9d54c9cd1790337e6afdfe
2020-05-16 09:51:07 INFO - tasks.py[396]: daily task running: poc scan 5e9d54c9cd1790337e6afdfe
2020-05-16 09:51:07 INFO - tasks.py[401]: daily task completed: poc scan 5e9d54c9cd1790337e6afdfe
2020-05-16 09:51:07 INFO - tasks.py[396]: daily task running: poc scan 5e9d34d4b85dd18a102d0d08
2020-05-16 09:51:07 INFO - tasks.py[401]: daily task completed: poc scan 5e9d54c9cd1790337e6afdfe
2020-05-16 09:51:07 INFO - tasks.py[396]: daily task running: poc scan 5e9d34d4b85dd18a102d0d08
2020-05-16 09:51:07 INFO - tasks.py[401]: daily task completed: poc scan 5e9d54c9cd1790337e6afdfe
2020-05-16 09:51:07 INFO - tasks.py[396]: daily task running: poc scan 5e9d34d4b85dd18a102d0d08
2020-05-16 09:51:07 INFO - tasks.py[401]: daily task completed: poc scan 5e9d54c9cd1790337e6afdfe
2020-05-16 09:51:07 INFO - tasks.py[396]: daily task running: poc scan 5e9d34d4b85dd18a102d0d08
2020-05-16 09:51:07 INFO - tasks.py[401]: daily task completed: poc scan 5e9d34d4b85dd18a102d0d08
2020-05-16 09:51:07 INFO - tasks.py[396]: daily task running: poc scan 5e9d54c9cd1790337e6afdfe
2020-05-16 09:51:07 INFO - tasks.py[401]: daily task completed: poc scan 5e9d34d4b85dd18a102d0d08
2020-05-16 09:51:07 INFO - tasks.py[396]: daily task running: poc scan 5e9d54c9cd1790337e6afdfe
2020-05-16 09:51:07 INFO - tasks.py[401]: daily task completed: poc scan 5e9d34d4b85dd18a102d0d08
2020-05-16 09:51:07 INFO - tasks.py[396]: daily task running: poc scan 5e9d54c9cd1790337e6afdfe
2020-05-16 09:51:07 INFO - tasks.py[401]: daily task completed: poc scan 5e9d34d4b85dd18a102d0d08
2020-05-16 09:51:07 INFO - tasks.py[396]: daily task running: poc scan 5e9d54c9cd1790337e6afdfe
2020-05-16 09:51:08 INFO - tasks.py[401]: daily task completed: poc scan 5e9d54c9cd1790337e6afdfe
2020-05-16 09:51:08 INFO - tasks.py[401]: daily task completed: poc scan 5e9d54c9cd1790337e6afdfe
2020-05-16 09:51:08 INFO - tasks.py[401]: daily task completed: poc scan 5e9d54c9cd1790337e6afdfe
2020-05-16 09:51:08 INFO - tasks.py[401]: daily task completed: poc scan 5e9d54c9cd1790337e6afdfe
2020-05-16 09:51:08 INFO - tasks.py[396]: daily task running: poc scan 5e9d34d4b85dd18a102d0d08
2020-05-16 09:51:08 INFO - tasks.py[396]: daily task running: poc scan 5e9d34d4b85dd18a102d0d08
2020-05-16 09:51:08 INFO - tasks.py[396]: daily task running: poc scan 5e9d34d4b85dd18a102d0d08
2020-05-16 09:51:08 INFO - tasks.py[396]: daily task running: poc scan 5e9d34d4b85dd18a102d0d08
2020-05-16 09:51:09 INFO - tasks.py[401]: daily task completed: poc scan 5e9d34d4b85dd18a102d0d08
2020-05-16 09:51:09 INFO - tasks.py[396]: daily task running: poc scan 5e9d54c9cd1790337e6afdfe
2020-05-16 09:51:09 INFO - tasks.py[401]: daily task completed: poc scan 5e9d34d4b85dd18a102d0d08
2020-05-16 09:51:09 INFO - tasks.py[396]: daily task running: poc scan 5e9d54c9cd1790337e6afdfe
2020-05-16 09:51:09 INFO - tasks.py[401]: daily task completed: poc scan 5e9d34d4b85dd18a102d0d08
2020-05-16 09:51:09 INFO - tasks.py[396]: daily task running: poc scan 5e9d54c9cd1790337e6afdfe
2020-05-16 09:51:09 INFO - tasks.py[401]: daily task completed: poc scan 5e9d34d4b85dd18a102d0d08
2020-05-16 09:51:09 INFO - tasks.py[396]: daily task running: poc scan 5e9d54c9cd1790337e6afdfe
2020-05-16 09:51:09 INFO - tasks.py[401]: daily task completed: poc scan 5e9d54c9cd1790337e6afdfe
2020-05-16 09:51:09 INFO - tasks.py[396]: daily task running: poc scan 5e9d34d4b85dd18a102d0d08
2020-05-16 09:51:09 INFO - tasks.py[401]: daily task completed: poc scan 5e9d54c9cd1790337e6afdfe
2020-05-16 09:51:09 INFO - tasks.py[396]: daily task running: poc scan 5e9d34d4b85dd18a102d0d08
2020-05-16 09:51:09 INFO - tasks.py[401]: daily task completed: poc scan 5e9d54c9cd1790337e6afdfe
2020-05-16 09:51:09 INFO - tasks.py[396]: daily task running: poc scan 5e9d34d4b85dd18a102d0d08
2020-05-16 09:51:09 INFO - tasks.py[401]: daily task completed: poc scan 5e9d54c9cd1790337e6afdfe
2020-05-16 09:51:09 INFO - tasks.py[396]: daily task running: poc scan 5e9d34d4b85dd18a102d0d08
2020-05-16 09:51:09 INFO - tasks.py[401]: daily task completed: poc scan 5e9d34d4b85dd18a102d0d08
2020-05-16 09:51:09 INFO - tasks.py[396]: daily task running: poc scan 5e9d54c9cd1790337e6afdfe
2020-05-16 09:51:09 INFO - tasks.py[401]: daily task completed: poc scan 5e9d34d4b85dd18a102d0d08
2020-05-16 09:51:09 INFO - tasks.py[396]: daily task running: poc scan 5e9d54c9cd1790337e6afdfe
2020-05-16 09:51:09 INFO - tasks.py[401]: daily task completed: poc scan 5e9d34d4b85dd18a102d0d08
2020-05-16 09:51:09 INFO - tasks.py[396]: daily task running: poc scan 5e9d54c9cd1790337e6afdfe
2020-05-16 09:51:09 INFO - tasks.py[401]: daily task completed: poc scan 5e9d34d4b85dd18a102d0d08
2020-05-16 09:51:09 INFO - tasks.py[396]: daily task running: poc scan 5e9d54c9cd1790337e6afdfe
2020-05-16 09:51:09 INFO - tasks.py[401]: daily task completed: poc scan 5e9d54c9cd1790337e6afdfe
2020-05-16 09:51:09 INFO - tasks.py[401]: daily task completed: poc scan 5e9d54c9cd1790337e6afdfe
2020-05-16 09:51:09 INFO - tasks.py[396]: daily task running: poc scan 5e9d34d4b85dd18a102d0d08
2020-05-16 09:51:09 INFO - tasks.py[396]: daily task running: poc scan 5e9d34d4b85dd18a102d0d08
2020-05-16 09:51:09 INFO - tasks.py[401]: daily task completed: poc scan 5e9d54c9cd1790337e6afdfe
2020-05-16 09:51:09 INFO - tasks.py[401]: daily task completed: poc scan 5e9d54c9cd1790337e6afdfe
2020-05-16 09:51:09 INFO - tasks.py[396]: daily task running: poc scan 5e9d34d4b85dd18a102d0d08
2020-05-16 09:51:09 INFO - tasks.py[401]: daily task completed: poc scan 5e9d34d4b85dd18a102d0d08
2020-05-16 09:51:09 INFO - tasks.py[396]: daily task running: poc scan 5e9d54c9cd1790337e6afdfe
2020-05-16 09:51:09 INFO - tasks.py[401]: daily task completed: poc scan 5e9d34d4b85dd18a102d0d08
2020-05-16 09:51:09 INFO - tasks.py[396]: daily task running: poc scan 5e9d54c9cd1790337e6afdfe
2020-05-16 09:51:09 INFO - tasks.py[401]: daily task completed: poc scan 5e9d34d4b85dd18a102d0d08
2020-05-16 09:51:09 INFO - tasks.py[396]: daily task running: poc scan 5e9d54c9cd1790337e6afdfe
2020-05-16 09:51:09 INFO - tasks.py[401]: daily task completed: poc scan 5e9d54c9cd1790337e6afdfe
2020-05-16 09:51:09 INFO - tasks.py[401]: daily task completed: poc scan 5e9d54c9cd1790337e6afdfe
2020-05-16 09:51:10 INFO - tasks.py[401]: daily task completed: poc scan 5e9d54c9cd1790337e6afdfe
2020-05-16 09:51:10 INFO - tasks.py[396]: daily task running: poc scan 5e9d34d4b85dd18a102d0d08
2020-05-16 09:51:10 INFO - tasks.py[396]: daily task running: poc scan 5e9d34d4b85dd18a102d0d08
2020-05-16 09:51:10 INFO - tasks.py[396]: daily task running: poc scan 5e9d34d4b85dd18a102d0d08
2020-05-16 09:51:11 INFO - tasks.py[396]: daily task running: poc scan 5e9d34d4b85dd18a102d0d08
2020-05-16 09:51:11 INFO - tasks.py[401]: daily task completed: poc scan 5e9d34d4b85dd18a102d0d08
2020-05-16 09:51:11 INFO - tasks.py[396]: daily task running: poc scan 5e9d54c9cd1790337e6afdfe
2020-05-16 09:51:11 INFO - tasks.py[401]: daily task completed: poc scan 5e9d34d4b85dd18a102d0d08
2020-05-16 09:51:11 INFO - tasks.py[396]: daily task running: poc scan 5e9d54c9cd1790337e6afdfe
2020-05-16 09:51:11 INFO - tasks.py[401]: daily task completed: poc scan 5e9d34d4b85dd18a102d0d08
2020-05-16 09:51:11 INFO - tasks.py[396]: daily task running: poc scan 5e9d54c9cd1790337e6afdfe
2020-05-16 09:51:11 INFO - tasks.py[401]: daily task completed: poc scan 5e9d34d4b85dd18a102d0d08
2020-05-16 09:51:11 INFO - tasks.py[396]: daily task running: poc scan 5e9d54c9cd1790337e6afdfe
2020-05-16 09:51:11 INFO - tasks.py[401]: daily task completed: poc scan 5e9d54c9cd1790337e6afdfe
2020-05-16 09:51:11 INFO - tasks.py[396]: daily task running: poc scan 5e9d34d4b85dd18a102d0d08
2020-05-16 09:51:11 INFO - tasks.py[401]: daily task completed: poc scan 5e9d54c9cd1790337e6afdfe
2020-05-16 09:51:11 INFO - tasks.py[396]: daily task running: poc scan 5e9d34d4b85dd18a102d0d08
2020-05-16 09:51:11 INFO - tasks.py[401]: daily task completed: poc scan 5e9d54c9cd1790337e6afdfe
2020-05-16 09:51:11 INFO - tasks.py[396]: daily task running: poc scan 5e9d34d4b85dd18a102d0d08
2020-05-16 09:51:11 INFO - tasks.py[401]: daily task completed: poc scan 5e9d54c9cd1790337e6afdfe
2020-05-16 09:51:11 INFO - tasks.py[396]: daily task running: poc scan 5e9d34d4b85dd18a102d0d08
2020-05-16 09:51:11 INFO - tasks.py[401]: daily task completed: poc scan 5e9d34d4b85dd18a102d0d08
2020-05-16 09:51:11 INFO - tasks.py[396]: daily task running: poc scan 5e9d54c9cd1790337e6afdfe
2020-05-16 09:51:11 INFO - tasks.py[401]: daily task completed: poc scan 5e9d34d4b85dd18a102d0d08
2020-05-16 09:51:11 INFO - tasks.py[396]: daily task running: poc scan 5e9d54c9cd1790337e6afdfe
2020-05-16 09:51:11 INFO - tasks.py[401]: daily task completed: poc scan 5e9d34d4b85dd18a102d0d08
2020-05-16 09:51:11 INFO - tasks.py[396]: daily task running: poc scan 5e9d54c9cd1790337e6afdfe
2020-05-16 09:51:11 INFO - tasks.py[401]: daily task completed: poc scan 5e9d34d4b85dd18a102d0d08
2020-05-16 09:51:11 INFO - tasks.py[396]: daily task running: poc scan 5e9d54c9cd1790337e6afdfe
2020-05-16 09:51:11 INFO - tasks.py[401]: daily task completed: poc scan 5e9d54c9cd1790337e6afdfe
2020-05-16 09:51:11 INFO - tasks.py[401]: daily task completed: poc scan 5e9d54c9cd1790337e6afdfe
2020-05-16 09:51:11 INFO - tasks.py[396]: daily task running: poc scan 5e9d34d4b85dd18a102d0d08
2020-05-16 09:51:11 INFO - tasks.py[396]: daily task running: poc scan 5e9d34d4b85dd18a102d0d08
2020-05-16 09:51:11 INFO - tasks.py[401]: daily task completed: poc scan 5e9d54c9cd1790337e6afdfe
2020-05-16 09:51:11 INFO - tasks.py[396]: daily task running: poc scan 5e9d34d4b85dd18a102d0d08
2020-05-16 09:51:11 INFO - tasks.py[401]: daily task completed: poc scan 5e9d54c9cd1790337e6afdfe
2020-05-16 09:51:11 INFO - tasks.py[396]: daily task running: poc scan 5e9d34d4b85dd18a102d0d08
2020-05-16 09:51:11 INFO - tasks.py[401]: daily task completed: poc scan 5e9d34d4b85dd18a102d0d08
2020-05-16 09:51:11 INFO - tasks.py[396]: daily task running: poc scan 5e9d54c9cd1790337e6afdfe
2020-05-16 09:51:11 INFO - tasks.py[401]: daily task completed: poc scan 5e9d34d4b85dd18a102d0d08
2020-05-16 09:51:11 INFO - tasks.py[396]: daily task running: poc scan 5e9d54c9cd1790337e6afdfe
2020-05-16 09:51:11 INFO - tasks.py[401]: daily task completed: poc scan 5e9d34d4b85dd18a102d0d08
2020-05-16 09:51:11 INFO - tasks.py[396]: daily task running: poc scan 5e9d54c9cd1790337e6afdfe
2020-05-16 09:51:11 INFO - tasks.py[401]: daily task completed: poc scan 5e9d34d4b85dd18a102d0d08
2020-05-16 09:51:11 INFO - tasks.py[396]: daily task running: poc scan 5e9d54c9cd1790337e6afdfe
2020-05-16 09:51:11 INFO - tasks.py[401]: daily task completed: poc scan 5e9d54c9cd1790337e6afdfe
2020-05-16 09:51:11 INFO - tasks.py[401]: daily task completed: poc scan 5e9d54c9cd1790337e6afdfe
2020-05-16 09:51:11 INFO - tasks.py[401]: daily task completed: poc scan 5e9d54c9cd1790337e6afdfe
2020-05-16 09:51:11 INFO - tasks.py[401]: daily task completed: poc scan 5e9d54c9cd1790337e6afdfe
2020-05-16 09:51:12 INFO - tasks.py[396]: daily task running: poc scan 5e9d34d4b85dd18a102d0d08
2020-05-16 09:51:12 INFO - tasks.py[396]: daily task running: poc scan 5e9d34d4b85dd18a102d0d08
2020-05-16 09:51:12 INFO - tasks.py[396]: daily task running: poc scan 5e9d34d4b85dd18a102d0d08
2020-05-16 09:51:12 INFO - tasks.py[396]: daily task running: poc scan 5e9d34d4b85dd18a102d0d08
2020-05-16 09:51:13 INFO - tasks.py[401]: daily task completed: poc scan 5e9d34d4b85dd18a102d0d08
2020-05-16 09:51:13 INFO - tasks.py[396]: daily task running: poc scan 5e9d54c9cd1790337e6afdfe
2020-05-16 09:51:13 INFO - tasks.py[401]: daily task completed: poc scan 5e9d34d4b85dd18a102d0d08
2020-05-16 09:51:13 INFO - tasks.py[401]: daily task completed: poc scan 5e9d34d4b85dd18a102d0d08
2020-05-16 09:51:13 INFO - tasks.py[396]: daily task running: poc scan 5e9d54c9cd1790337e6afdfe
2020-05-16 09:51:13 INFO - tasks.py[396]: daily task running: poc scan 5e9d54c9cd1790337e6afdfe
2020-05-16 09:51:13 INFO - tasks.py[401]: daily task completed: poc scan 5e9d34d4b85dd18a102d0d08
2020-05-16 09:51:13 INFO - tasks.py[396]: daily task running: poc scan 5e9d54c9cd1790337e6afdfe
2020-05-16 09:51:13 INFO - tasks.py[401]: daily task completed: poc scan 5e9d54c9cd1790337e6afdfe
2020-05-16 09:51:13 INFO - tasks.py[396]: daily task running: poc scan 5e9d34d4b85dd18a102d0d08
2020-05-16 09:51:13 INFO - tasks.py[401]: daily task completed: poc scan 5e9d54c9cd1790337e6afdfe
2020-05-16 09:51:13 INFO - tasks.py[401]: daily task completed: poc scan 5e9d54c9cd1790337e6afdfe
2020-05-16 09:51:13 INFO - tasks.py[396]: daily task running: poc scan 5e9d34d4b85dd18a102d0d08
2020-05-16 09:51:13 INFO - tasks.py[401]: daily task completed: poc scan 5e9d54c9cd1790337e6afdfe
2020-05-16 09:51:13 INFO - tasks.py[396]: daily task running: poc scan 5e9d34d4b85dd18a102d0d08
2020-05-16 09:51:13 INFO - tasks.py[396]: daily task running: poc scan 5e9d34d4b85dd18a102d0d08
2020-05-16 09:51:13 INFO - tasks.py[401]: daily task completed: poc scan 5e9d34d4b85dd18a102d0d08
2020-05-16 09:51:13 INFO - tasks.py[396]: daily task running: poc scan 5e9d54c9cd1790337e6afdfe
2020-05-16 09:51:13 INFO - tasks.py[401]: daily task completed: poc scan 5e9d34d4b85dd18a102d0d08
2020-05-16 09:51:13 INFO - tasks.py[396]: daily task running: poc scan 5e9d54c9cd1790337e6afdfe
2020-05-16 09:51:13 INFO - tasks.py[401]: daily task completed: poc scan 5e9d34d4b85dd18a102d0d08
2020-05-16 09:51:13 INFO - tasks.py[396]: daily task running: poc scan 5e9d54c9cd1790337e6afdfe
2020-05-16 09:51:13 INFO - tasks.py[401]: daily task completed: poc scan 5e9d34d4b85dd18a102d0d08
2020-05-16 09:51:13 INFO - tasks.py[396]: daily task running: poc scan 5e9d54c9cd1790337e6afdfe
2020-05-16 09:51:13 INFO - tasks.py[401]: daily task completed: poc scan 5e9d54c9cd1790337e6afdfe
2020-05-16 09:51:13 INFO - tasks.py[396]: daily task running: poc scan 5e9d34d4b85dd18a102d0d08
2020-05-16 09:51:13 INFO - tasks.py[401]: daily task completed: poc scan 5e9d54c9cd1790337e6afdfe
2020-05-16 09:51:13 INFO - tasks.py[396]: daily task running: poc scan 5e9d34d4b85dd18a102d0d08
2020-05-16 09:51:13 INFO - tasks.py[401]: daily task completed: poc scan 5e9d54c9cd1790337e6afdfe
2020-05-16 09:51:13 INFO - tasks.py[401]: daily task completed: poc scan 5e9d54c9cd1790337e6afdfe
2020-05-16 09:51:13 INFO - tasks.py[210]: [*]  shuidihubao.com 
2020-05-16 09:51:13 INFO - tasks.py[401]: daily task completed: poc scan 5e9d34d4b85dd18a102d0d08
2020-05-16 09:51:13 INFO - tasks.py[396]: daily task running: poc scan 5e9d54c9cd1790337e6afdfe
2020-05-16 09:51:13 INFO - tasks.py[401]: daily task completed: poc scan 5e9d34d4b85dd18a102d0d08
2020-05-16 09:51:13 INFO - tasks.py[396]: daily task running: poc scan 5e9d54c9cd1790337e6afdfe
2020-05-16 09:51:13 INFO - tasks.py[401]: daily task completed: poc scan 5e9d54c9cd1790337e6afdfe
2020-05-16 09:51:13 INFO - tasks.py[401]: daily task completed: poc scan 5e9d54c9cd1790337e6afdfe
2020-05-16 09:51:15 INFO - tasks.py[311]: poc task completed: 5e9d54c9cd1790337e6afdfe
2020-05-16 09:51:15 INFO - tasks.py[311]: poc task completed: 5e9d54c9cd1790337e6afdfe
2020-05-16 09:51:15 INFO - tasks.py[311]: poc task completed: 5e9d54c9cd1790337e6afdfe
2020-05-16 09:51:15 INFO - tasks.py[311]: poc task completed: 5e9d54c9cd1790337e6afdfe
2020-05-16 09:51:17 INFO - tasks.py[311]: poc task completed: 5e9d34d4b85dd18a102d0d08
2020-05-16 09:51:17 INFO - tasks.py[311]: poc task completed: 5e9d34d4b85dd18a102d0d08
2020-05-16 09:51:17 INFO - tasks.py[311]: poc task completed: 5e9d34d4b85dd18a102d0d08
2020-05-16 09:51:17 INFO - tasks.py[311]: poc task completed: 5e9d34d4b85dd18a102d0d08
2020-05-16 09:51:17 INFO - tasks.py[311]: poc task completed: 5e9d54c9cd1790337e6afdfe
2020-05-16 09:51:17 INFO - tasks.py[311]: poc task completed: 5e9d54c9cd1790337e6afdfe
2020-05-16 09:51:17 INFO - tasks.py[311]: poc task completed: 5e9d54c9cd1790337e6afdfe
2020-05-16 09:51:17 INFO - tasks.py[311]: poc task completed: 5e9d34d4b85dd18a102d0d08
2020-05-16 09:51:18 INFO - tasks.py[311]: poc task completed: 5e9d54c9cd1790337e6afdfe
2020-05-16 09:51:18 INFO - tasks.py[311]: poc task completed: 5e9d34d4b85dd18a102d0d08
2020-05-16 09:51:18 INFO - tasks.py[311]: poc task completed: 5e9d34d4b85dd18a102d0d08
2020-05-16 09:51:18 INFO - tasks.py[311]: poc task completed: 5e9d34d4b85dd18a102d0d08
2020-05-16 09:51:19 INFO - tasks.py[311]: poc task completed: 5e9d34d4b85dd18a102d0d08
2020-05-16 09:51:19 INFO - tasks.py[311]: poc task completed: 5e9d54c9cd1790337e6afdfe
2020-05-16 09:51:19 INFO - tasks.py[311]: poc task completed: 5e9d34d4b85dd18a102d0d08
2020-05-16 09:51:19 INFO - tasks.py[311]: poc task completed: 5e9d54c9cd1790337e6afdfe
2020-05-16 09:51:20 INFO - tasks.py[311]: poc task completed: 5e9d34d4b85dd18a102d0d08
2020-05-16 09:51:21 INFO - tasks.py[311]: poc task completed: 5e9d34d4b85dd18a102d0d08
2020-05-16 09:51:21 INFO - tasks.py[311]: poc task completed: 5e9d54c9cd1790337e6afdfe
2020-05-16 09:51:21 INFO - tasks.py[311]: poc task completed: 5e9d54c9cd1790337e6afdfe
2020-05-16 09:51:21 INFO - tasks.py[311]: poc task completed: 5e9d34d4b85dd18a102d0d08
2020-05-16 09:51:22 INFO - tasks.py[311]: poc task completed: 5e9d34d4b85dd18a102d0d08
2020-05-16 09:51:22 INFO - tasks.py[311]: poc task completed: 5e9d54c9cd1790337e6afdfe
2020-05-16 09:51:22 INFO - tasks.py[311]: poc task completed: 5e9d54c9cd1790337e6afdfe
2020-05-16 09:51:22 INFO - tasks.py[311]: poc task completed: 5e9d34d4b85dd18a102d0d08
2020-05-16 09:51:23 INFO - tasks.py[311]: poc task completed: 5e9d34d4b85dd18a102d0d08
2020-05-16 09:51:23 INFO - tasks.py[311]: poc task completed: 5e9d54c9cd1790337e6afdfe
2020-05-16 09:51:23 INFO - tasks.py[311]: poc task completed: 5e9d54c9cd1790337e6afdfe
2020-05-16 09:51:23 INFO - tasks.py[311]: poc task completed: 5e9d34d4b85dd18a102d0d08
2020-05-16 09:51:24 INFO - tasks.py[311]: poc task completed: 5e9d34d4b85dd18a102d0d08
2020-05-16 09:51:24 INFO - tasks.py[311]: poc task completed: 5e9d54c9cd1790337e6afdfe
2020-05-16 09:51:24 INFO - tasks.py[311]: poc task completed: 5e9d54c9cd1790337e6afdfe
2020-05-16 09:51:24 INFO - tasks.py[311]: poc task completed: 5e9d34d4b85dd18a102d0d08
2020-05-16 09:51:27 INFO - tasks.py[311]: poc task completed: 5e9d34d4b85dd18a102d0d08
2020-05-16 09:51:27 INFO - tasks.py[311]: poc task completed: 5e9d54c9cd1790337e6afdfe
2020-05-16 09:51:27 INFO - tasks.py[311]: poc task completed: 5e9d54c9cd1790337e6afdfe
2020-05-16 09:51:28 INFO - tasks.py[311]: poc task completed: 5e9d34d4b85dd18a102d0d08
2020-05-16 09:51:28 INFO - tasks.py[311]: poc task completed: 5e9d54c9cd1790337e6afdfe
2020-05-16 09:51:28 INFO - tasks.py[311]: poc task completed: 5e9d54c9cd1790337e6afdfe
2020-05-16 09:51:28 INFO - tasks.py[311]: poc task completed: 5e9d34d4b85dd18a102d0d08
2020-05-16 09:51:28 INFO - tasks.py[311]: poc task completed: 5e9d34d4b85dd18a102d0d08
2020-05-16 09:51:28 INFO - tasks.py[311]: poc task completed: 5e9d34d4b85dd18a102d0d08
2020-05-16 09:51:28 INFO - tasks.py[311]: poc task completed: 5e9d54c9cd1790337e6afdfe
2020-05-16 09:51:29 INFO - tasks.py[311]: poc task completed: 5e9d54c9cd1790337e6afdfe
2020-05-16 09:51:29 INFO - tasks.py[311]: poc task completed: 5e9d54c9cd1790337e6afdfe
2020-05-16 09:51:29 INFO - tasks.py[311]: poc task completed: 5e9d34d4b85dd18a102d0d08
2020-05-16 09:51:29 INFO - tasks.py[311]: poc task completed: 5e9d54c9cd1790337e6afdfe
2020-05-16 09:51:29 INFO - tasks.py[311]: poc task completed: 5e9d34d4b85dd18a102d0d08
2020-05-16 09:51:29 INFO - tasks.py[311]: poc task completed: 5e9d34d4b85dd18a102d0d08
2020-05-16 09:51:30 INFO - tasks.py[311]: poc task completed: 5e9d54c9cd1790337e6afdfe
2020-05-16 09:51:30 INFO - tasks.py[311]: poc task completed: 5e9d34d4b85dd18a102d0d08
2020-05-16 09:51:30 INFO - tasks.py[311]: poc task completed: 5e9d54c9cd1790337e6afdfe
2020-05-16 09:51:30 INFO - tasks.py[311]: poc task completed: 5e9d34d4b85dd18a102d0d08
2020-05-16 09:51:31 INFO - tasks.py[311]: poc task completed: 5e9d54c9cd1790337e6afdfe
2020-05-16 09:51:31 INFO - tasks.py[311]: poc task completed: 5e9d54c9cd1790337e6afdfe
2020-05-16 09:51:31 INFO - tasks.py[311]: poc task completed: 5e9d34d4b85dd18a102d0d08
2020-05-16 09:51:31 INFO - tasks.py[311]: poc task completed: 5e9d34d4b85dd18a102d0d08
2020-05-16 09:51:31 INFO - tasks.py[311]: poc task completed: 5e9d34d4b85dd18a102d0d08
2020-05-16 09:51:31 INFO - tasks.py[311]: poc task completed: 5e9d54c9cd1790337e6afdfe
2020-05-16 09:51:32 INFO - tasks.py[311]: poc task completed: 5e9d54c9cd1790337e6afdfe
2020-05-16 09:51:32 INFO - tasks.py[311]: poc task completed: 5e9d54c9cd1790337e6afdfe
2020-05-16 09:51:32 INFO - tasks.py[311]: poc task completed: 5e9d34d4b85dd18a102d0d08
2020-05-16 09:51:33 INFO - tasks.py[311]: poc task completed: 5e9d34d4b85dd18a102d0d08
2020-05-16 09:51:33 INFO - tasks.py[311]: poc task completed: 5e9d34d4b85dd18a102d0d08
2020-05-16 09:51:34 INFO - tasks.py[311]: poc task completed: 5e9d54c9cd1790337e6afdfe
2020-05-16 09:51:34 INFO - tasks.py[311]: poc task completed: 5e9d54c9cd1790337e6afdfe
2020-05-16 09:51:34 INFO - tasks.py[311]: poc task completed: 5e9d54c9cd1790337e6afdfe
2020-05-16 09:51:34 INFO - tasks.py[311]: poc task completed: 5e9d54c9cd1790337e6afdfe
2020-05-16 09:51:34 INFO - tasks.py[311]: poc task completed: 5e9d34d4b85dd18a102d0d08
2020-05-16 09:51:35 INFO - tasks.py[311]: poc task completed: 5e9d34d4b85dd18a102d0d08
2020-05-16 09:51:35 INFO - tasks.py[311]: poc task completed: 5e9d34d4b85dd18a102d0d08
2020-05-16 09:51:35 INFO - tasks.py[311]: poc task completed: 5e9d54c9cd1790337e6afdfe
2020-05-16 09:51:35 INFO - tasks.py[311]: poc task completed: 5e9d54c9cd1790337e6afdfe
2020-05-16 09:51:35 INFO - tasks.py[311]: poc task completed: 5e9d34d4b85dd18a102d0d08
2020-05-16 09:51:36 INFO - tasks.py[311]: poc task completed: 5e9d34d4b85dd18a102d0d08
2020-05-16 09:51:36 INFO - tasks.py[311]: poc task completed: 5e9d54c9cd1790337e6afdfe
2020-05-16 09:51:36 INFO - tasks.py[311]: poc task completed: 5e9d54c9cd1790337e6afdfe
2020-05-16 09:51:36 INFO - tasks.py[311]: poc task completed: 5e9d54c9cd1790337e6afdfe
2020-05-16 09:51:36 INFO - tasks.py[311]: poc task completed: 5e9d54c9cd1790337e6afdfe
2020-05-16 09:51:37 INFO - tasks.py[311]: poc task completed: 5e9d34d4b85dd18a102d0d08
2020-05-16 09:51:37 INFO - tasks.py[311]: poc task completed: 5e9d34d4b85dd18a102d0d08
2020-05-16 09:51:38 INFO - tasks.py[311]: poc task completed: 5e9d34d4b85dd18a102d0d08
2020-05-16 09:51:39 INFO - tasks.py[311]: poc task completed: 5e9d34d4b85dd18a102d0d08
2020-05-16 09:51:39 INFO - tasks.py[311]: poc task completed: 5e9d54c9cd1790337e6afdfe
2020-05-16 09:51:39 INFO - tasks.py[311]: poc task completed: 5e9d54c9cd1790337e6afdfe
2020-05-16 09:51:39 INFO - tasks.py[311]: poc task completed: 5e9d54c9cd1790337e6afdfe
2020-05-16 09:51:39 INFO - tasks.py[311]: poc task completed: 5e9d54c9cd1790337e6afdfe
2020-05-16 09:51:40 INFO - tasks.py[311]: poc task completed: 5e9d34d4b85dd18a102d0d08
2020-05-16 09:51:40 INFO - tasks.py[311]: poc task completed: 5e9d54c9cd1790337e6afdfe
2020-05-16 09:51:40 INFO - tasks.py[311]: poc task completed: 5e9d54c9cd1790337e6afdfe
2020-05-16 09:51:40 INFO - tasks.py[311]: poc task completed: 5e9d54c9cd1790337e6afdfe
2020-05-16 09:51:41 INFO - tasks.py[311]: poc task completed: 5e9d54c9cd1790337e6afdfe
2020-05-16 09:51:41 INFO - tasks.py[311]: poc task completed: 5e9d34d4b85dd18a102d0d08
2020-05-16 09:51:41 INFO - tasks.py[311]: poc task completed: 5e9d34d4b85dd18a102d0d08
2020-05-16 09:51:42 INFO - tasks.py[311]: poc task completed: 5e9d34d4b85dd18a102d0d08
2020-05-16 09:51:42 INFO - tasks.py[311]: poc task completed: 5e9d34d4b85dd18a102d0d08
2020-05-16 09:51:42 INFO - tasks.py[311]: poc task completed: 5e9d54c9cd1790337e6afdfe
2020-05-16 09:51:42 INFO - tasks.py[311]: poc task completed: 5e9d34d4b85dd18a102d0d08
2020-05-16 09:51:42 INFO - tasks.py[311]: poc task completed: 5e9d54c9cd1790337e6afdfe
2020-05-16 09:51:42 INFO - tasks.py[311]: poc task completed: 5e9d54c9cd1790337e6afdfe
2020-05-16 09:51:42 INFO - tasks.py[311]: poc task completed: 5e9d54c9cd1790337e6afdfe
2020-05-16 09:51:43 INFO - tasks.py[311]: poc task completed: 5e9d34d4b85dd18a102d0d08
2020-05-16 09:51:43 INFO - tasks.py[311]: poc task completed: 5e9d34d4b85dd18a102d0d08
2020-05-16 09:51:43 INFO - tasks.py[311]: poc task completed: 5e9d34d4b85dd18a102d0d08
2020-05-16 09:51:43 INFO - tasks.py[311]: poc task completed: 5e9d54c9cd1790337e6afdfe
2020-05-16 09:51:44 INFO - tasks.py[311]: poc task completed: 5e9d54c9cd1790337e6afdfe
2020-05-16 09:51:44 INFO - tasks.py[311]: poc task completed: 5e9d54c9cd1790337e6afdfe
2020-05-16 09:51:44 INFO - tasks.py[311]: poc task completed: 5e9d54c9cd1790337e6afdfe
2020-05-16 09:51:44 INFO - tasks.py[311]: poc task completed: 5e9d34d4b85dd18a102d0d08
2020-05-16 09:51:45 INFO - tasks.py[311]: poc task completed: 5e9d34d4b85dd18a102d0d08
2020-05-16 09:51:45 INFO - tasks.py[311]: poc task completed: 5e9d34d4b85dd18a102d0d08
2020-05-16 09:51:45 INFO - tasks.py[311]: poc task completed: 5e9d34d4b85dd18a102d0d08
2020-05-16 09:51:46 INFO - tasks.py[311]: poc task completed: 5e9d34d4b85dd18a102d0d08
2020-05-16 09:51:46 INFO - tasks.py[311]: poc task completed: 5e9d34d4b85dd18a102d0d08
2020-05-16 09:51:46 INFO - tasks.py[311]: poc task completed: 5e9d54c9cd1790337e6afdfe
2020-05-16 09:51:46 INFO - tasks.py[311]: poc task completed: 5e9d54c9cd1790337e6afdfe
2020-05-16 09:51:46 INFO - tasks.py[311]: poc task completed: 5e9d54c9cd1790337e6afdfe
2020-05-16 09:51:46 INFO - tasks.py[311]: poc task completed: 5e9d54c9cd1790337e6afdfe
2020-05-16 09:51:46 INFO - tasks.py[311]: poc task completed: 5e9d54c9cd1790337e6afdfe
2020-05-16 09:51:46 INFO - tasks.py[311]: poc task completed: 5e9d34d4b85dd18a102d0d08
2020-05-16 09:51:46 INFO - tasks.py[311]: poc task completed: 5e9d54c9cd1790337e6afdfe
2020-05-16 09:51:47 INFO - tasks.py[311]: poc task completed: 5e9d34d4b85dd18a102d0d08
2020-05-16 09:51:47 INFO - tasks.py[311]: poc task completed: 5e9d34d4b85dd18a102d0d08
2020-05-16 09:51:47 INFO - tasks.py[311]: poc task completed: 5e9d34d4b85dd18a102d0d08
2020-05-16 09:51:47 INFO - tasks.py[311]: poc task completed: 5e9d34d4b85dd18a102d0d08
2020-05-16 09:51:48 INFO - tasks.py[311]: poc task completed: 5e9d34d4b85dd18a102d0d08
2020-05-16 09:51:48 INFO - tasks.py[311]: poc task completed: 5e9d54c9cd1790337e6afdfe
2020-05-16 09:51:48 INFO - tasks.py[311]: poc task completed: 5e9d54c9cd1790337e6afdfe
2020-05-16 09:51:48 INFO - tasks.py[311]: poc task completed: 5e9d54c9cd1790337e6afdfe
2020-05-16 09:51:48 INFO - tasks.py[311]: poc task completed: 5e9d54c9cd1790337e6afdfe
2020-05-16 09:51:49 INFO - tasks.py[311]: poc task completed: 5e9d34d4b85dd18a102d0d08
2020-05-16 09:51:49 INFO - tasks.py[311]: poc task completed: 5e9d34d4b85dd18a102d0d08
2020-05-16 09:51:50 INFO - tasks.py[311]: poc task completed: 5e9d34d4b85dd18a102d0d08
2020-05-16 09:51:50 INFO - tasks.py[311]: poc task completed: 5e9d34d4b85dd18a102d0d08
2020-05-16 09:51:50 INFO - tasks.py[311]: poc task completed: 5e9d34d4b85dd18a102d0d08
2020-05-16 09:51:53 INFO - tasks.py[311]: poc task completed: 5e9d34d4b85dd18a102d0d08
2020-05-16 09:51:53 INFO - tasks.py[311]: poc task completed: 5e9d54c9cd1790337e6afdfe
2020-05-16 09:51:53 INFO - tasks.py[311]: poc task completed: 5e9d54c9cd1790337e6afdfe
2020-05-16 09:51:54 INFO - tasks.py[311]: poc task completed: 5e9d54c9cd1790337e6afdfe
2020-05-16 09:51:54 INFO - tasks.py[311]: poc task completed: 5e9d54c9cd1790337e6afdfe
2020-05-16 09:51:54 INFO - tasks.py[311]: poc task completed: 5e9d34d4b85dd18a102d0d08
2020-05-16 09:51:55 INFO - tasks.py[311]: poc task completed: 5e9d34d4b85dd18a102d0d08
2020-05-16 09:51:57 INFO - tasks.py[311]: poc task completed: 5e9d34d4b85dd18a102d0d08
2020-05-16 09:51:58 INFO - tasks.py[311]: poc task completed: 5e9d34d4b85dd18a102d0d08
2020-05-16 09:51:58 INFO - tasks.py[311]: poc task completed: 5e9d34d4b85dd18a102d0d08
2020-05-16 09:51:58 INFO - tasks.py[311]: poc task completed: 5e9d34d4b85dd18a102d0d08
2020-05-16 09:51:59 INFO - tasks.py[311]: poc task completed: 5e9d34d4b85dd18a102d0d08
2020-05-16 09:51:59 INFO - tasks.py[311]: poc task completed: 5e9d54c9cd1790337e6afdfe
2020-05-16 09:51:59 INFO - tasks.py[311]: poc task completed: 5e9d54c9cd1790337e6afdfe
2020-05-16 09:51:59 INFO - tasks.py[311]: poc task completed: 5e9d54c9cd1790337e6afdfe
2020-05-16 09:51:59 INFO - tasks.py[311]: poc task completed: 5e9d54c9cd1790337e6afdfe
2020-05-16 09:52:00 INFO - tasks.py[311]: poc task completed: 5e9d34d4b85dd18a102d0d08
2020-05-16 09:52:00 INFO - tasks.py[311]: poc task completed: 5e9d54c9cd1790337e6afdfe
2020-05-16 09:52:00 INFO - tasks.py[311]: poc task completed: 5e9d54c9cd1790337e6afdfe
2020-05-16 09:52:00 INFO - tasks.py[311]: poc task completed: 5e9d54c9cd1790337e6afdfe
2020-05-16 09:52:01 INFO - tasks.py[311]: poc task completed: 5e9d34d4b85dd18a102d0d08
2020-05-16 09:52:01 INFO - tasks.py[311]: poc task completed: 5e9d54c9cd1790337e6afdfe
2020-05-16 09:52:05 INFO - tasks.py[311]: poc task completed: 5e9d34d4b85dd18a102d0d08
2020-05-16 09:52:05 INFO - tasks.py[311]: poc task completed: 5e9d54c9cd1790337e6afdfe
2020-05-16 09:52:05 INFO - tasks.py[311]: poc task completed: 5e9d54c9cd1790337e6afdfe
2020-05-16 09:52:06 INFO - tasks.py[311]: poc task completed: 5e9d54c9cd1790337e6afdfe
2020-05-16 09:52:06 INFO - tasks.py[311]: poc task completed: 5e9d54c9cd1790337e6afdfe
2020-05-16 09:52:07 INFO - tasks.py[311]: poc task completed: 5e9d34d4b85dd18a102d0d08
2020-05-16 09:52:07 INFO - tasks.py[311]: poc task completed: 5e9d34d4b85dd18a102d0d08
2020-05-16 09:52:11 INFO - tasks.py[311]: poc task completed: 5e9d34d4b85dd18a102d0d08
2020-05-16 09:52:11 INFO - tasks.py[311]: poc task completed: 5e9d34d4b85dd18a102d0d08
2020-05-16 09:52:11 INFO - tasks.py[311]: poc task completed: 5e9d34d4b85dd18a102d0d08
2020-05-16 09:52:11 INFO - tasks.py[311]: poc task completed: 5e9d34d4b85dd18a102d0d08
2020-05-16 09:52:17 INFO - tasks.py[311]: poc task completed: 5e9d34d4b85dd18a102d0d08
2020-05-16 09:52:18 INFO - tasks.py[311]: poc task completed: 5e9d34d4b85dd18a102d0d08
2020-05-16 09:52:19 INFO - tasks.py[311]: poc task completed: 5e9d54c9cd1790337e6afdfe
2020-05-16 09:52:20 INFO - tasks.py[311]: poc task completed: 5e9d54c9cd1790337e6afdfe
2020-05-16 09:52:20 INFO - tasks.py[311]: poc task completed: 5e9d54c9cd1790337e6afdfe
2020-05-16 09:52:20 INFO - tasks.py[311]: poc task completed: 5e9d54c9cd1790337e6afdfe
2020-05-16 09:52:21 INFO - tasks.py[311]: poc task completed: 5e9d34d4b85dd18a102d0d08
2020-05-16 09:52:21 INFO - tasks.py[311]: poc task completed: 5e9d34d4b85dd18a102d0d08
2020-05-16 09:52:22 INFO - tasks.py[311]: poc task completed: 5e9d34d4b85dd18a102d0d08
2020-05-16 09:52:22 INFO - tasks.py[311]: poc task completed: 5e9d34d4b85dd18a102d0d08
2020-05-16 09:52:22 INFO - tasks.py[311]: poc task completed: 5e9d34d4b85dd18a102d0d08
2020-05-16 09:52:22 INFO - tasks.py[311]: poc task completed: 5e9d54c9cd1790337e6afdfe
2020-05-16 09:52:22 INFO - tasks.py[311]: poc task completed: 5e9d54c9cd1790337e6afdfe
2020-05-16 09:52:22 INFO - tasks.py[311]: poc task completed: 5e9d34d4b85dd18a102d0d08
2020-05-16 09:52:22 INFO - tasks.py[311]: poc task completed: 5e9d54c9cd1790337e6afdfe
2020-05-16 09:52:22 INFO - tasks.py[311]: poc task completed: 5e9d54c9cd1790337e6afdfe
2020-05-16 09:52:23 INFO - tasks.py[311]: poc task completed: 5e9d54c9cd1790337e6afdfe
2020-05-16 09:52:23 INFO - tasks.py[311]: poc task completed: 5e9d34d4b85dd18a102d0d08
2020-05-16 09:52:23 INFO - tasks.py[311]: poc task completed: 5e9d54c9cd1790337e6afdfe
2020-05-16 09:52:23 INFO - tasks.py[311]: poc task completed: 5e9d54c9cd1790337e6afdfe
2020-05-16 09:52:23 INFO - tasks.py[311]: poc task completed: 5e9d34d4b85dd18a102d0d08
2020-05-16 09:52:24 INFO - tasks.py[311]: poc task completed: 5e9d34d4b85dd18a102d0d08
2020-05-16 09:52:24 INFO - tasks.py[311]: poc task completed: 5e9d34d4b85dd18a102d0d08
2020-05-16 09:52:24 INFO - tasks.py[311]: poc task completed: 5e9d34d4b85dd18a102d0d08
2020-05-16 09:52:24 INFO - tasks.py[311]: poc task completed: 5e9d54c9cd1790337e6afdfe
2020-05-16 09:52:25 INFO - tasks.py[311]: poc task completed: 5e9d54c9cd1790337e6afdfe
2020-05-16 09:52:25 INFO - tasks.py[311]: poc task completed: 5e9d34d4b85dd18a102d0d08
2020-05-16 09:52:25 INFO - tasks.py[311]: poc task completed: 5e9d54c9cd1790337e6afdfe
2020-05-16 09:52:25 INFO - tasks.py[311]: poc task completed: 5e9d54c9cd1790337e6afdfe
2020-05-16 09:52:25 INFO - tasks.py[311]: poc task completed: 5e9d34d4b85dd18a102d0d08
2020-05-16 09:52:26 INFO - tasks.py[311]: poc task completed: 5e9d54c9cd1790337e6afdfe
2020-05-16 09:52:26 INFO - tasks.py[311]: poc task completed: 5e9d54c9cd1790337e6afdfe
2020-05-16 09:52:26 INFO - tasks.py[311]: poc task completed: 5e9d54c9cd1790337e6afdfe
2020-05-16 09:52:26 INFO - tasks.py[311]: poc task completed: 5e9d54c9cd1790337e6afdfe
2020-05-16 09:52:27 INFO - tasks.py[311]: poc task completed: 5e9d34d4b85dd18a102d0d08
2020-05-16 09:52:27 INFO - tasks.py[311]: poc task completed: 5e9d34d4b85dd18a102d0d08
2020-05-16 09:52:27 INFO - tasks.py[311]: poc task completed: 5e9d34d4b85dd18a102d0d08
2020-05-16 09:52:27 INFO - tasks.py[311]: poc task completed: 5e9d54c9cd1790337e6afdfe
2020-05-16 09:52:28 INFO - tasks.py[311]: poc task completed: 5e9d54c9cd1790337e6afdfe
2020-05-16 09:52:28 INFO - tasks.py[311]: poc task completed: 5e9d34d4b85dd18a102d0d08
2020-05-16 09:52:30 INFO - tasks.py[311]: poc task completed: 5e9d34d4b85dd18a102d0d08
2020-05-16 09:52:35 INFO - tasks.py[311]: poc task completed: 5e9d34d4b85dd18a102d0d08
2020-05-16 09:52:35 WARN - tasks.py[314]: poc scan  failed: 'NoneType' object is not subscriptable
2020-05-16 09:52:35 WARN - tasks.py[314]: poc scan  failed: 'NoneType' object is not subscriptable
2020-05-16 09:52:35 WARN - tasks.py[314]: poc scan  failed: 'NoneType' object is not subscriptable
2020-05-16 09:52:35 INFO - tasks.py[311]: poc task completed: 5e9d34d4b85dd18a102d0d08
2020-05-16 09:52:36 INFO - tasks.py[311]: poc task completed: 5e9d34d4b85dd18a102d0d08
2020-05-16 09:52:37 INFO - tasks.py[311]: poc task completed: 5e9d34d4b85dd18a102d0d08
2020-05-16 09:52:37 WARN - tasks.py[314]: poc scan  failed: 'NoneType' object is not subscriptable
2020-05-16 09:52:37 WARN - tasks.py[314]: poc scan  failed: 'NoneType' object is not subscriptable
2020-05-16 09:52:37 WARN - tasks.py[314]: poc scan  failed: 'NoneType' object is not subscriptable
2020-05-16 09:52:37 WARN - tasks.py[314]: poc scan  failed: 'NoneType' object is not subscriptable
2020-05-16 09:52:37 INFO - tasks.py[311]: poc task completed: 5e9d34d4b85dd18a102d0d08
2020-05-16 09:52:37 WARN - tasks.py[314]: poc scan  failed: 'NoneType' object is not subscriptable
2020-05-16 09:52:37 WARN - tasks.py[314]: poc scan  failed: 'NoneType' object is not subscriptable
2020-05-16 09:52:37 WARN - tasks.py[314]: poc scan  failed: 'NoneType' object is not subscriptable
2020-05-16 09:52:37 WARN - tasks.py[314]: poc scan  failed: 'NoneType' object is not subscriptable
2020-05-16 09:52:37 WARN - tasks.py[314]: poc scan  failed: 'NoneType' object is not subscriptable
2020-05-16 09:52:37 WARN - tasks.py[314]: poc scan  failed: 'NoneType' object is not subscriptable
2020-05-16 09:52:37 WARN - tasks.py[314]: poc scan  failed: 'NoneType' object is not subscriptable
2020-05-16 09:52:37 WARN - tasks.py[314]: poc scan  failed: 'NoneType' object is not subscriptable
2020-05-16 09:52:38 INFO - tasks.py[311]: poc task completed: 5e9d34d4b85dd18a102d0d08
2020-05-16 09:52:38 WARN - tasks.py[314]: poc scan  failed: 'NoneType' object is not subscriptable
2020-05-16 09:52:38 WARN - tasks.py[314]: poc scan  failed: 'NoneType' object is not subscriptable
2020-05-16 09:52:38 WARN - tasks.py[314]: poc scan  failed: 'NoneType' object is not subscriptable
2020-05-16 09:52:38 WARN - tasks.py[314]: poc scan  failed: 'NoneType' object is not subscriptable
2020-05-16 09:52:38 WARN - tasks.py[314]: poc scan  failed: 'NoneType' object is not subscriptable
2020-05-16 09:52:38 WARN - tasks.py[314]: poc scan  failed: 'NoneType' object is not subscriptable
2020-05-16 09:52:38 WARN - tasks.py[314]: poc scan  failed: 'NoneType' object is not subscriptable
2020-05-16 09:52:38 WARN - tasks.py[314]: poc scan  failed: 'NoneType' object is not subscriptable
2020-05-16 09:52:39 WARN - tasks.py[314]: poc scan  failed: 'NoneType' object is not subscriptable
2020-05-16 09:52:39 WARN - tasks.py[314]: poc scan  failed: 'NoneType' object is not subscriptable
2020-05-16 09:52:39 WARN - tasks.py[314]: poc scan  failed: 'NoneType' object is not subscriptable
2020-05-16 09:52:39 WARN - tasks.py[314]: poc scan  failed: 'NoneType' object is not subscriptable
2020-05-16 09:52:39 WARN - tasks.py[314]: poc scan  failed: 'NoneType' object is not subscriptable
2020-05-16 09:52:39 WARN - tasks.py[314]: poc scan  failed: 'NoneType' object is not subscriptable
2020-05-16 09:52:39 WARN - tasks.py[314]: poc scan  failed: 'NoneType' object is not subscriptable
2020-05-16 09:52:39 WARN - tasks.py[314]: poc scan  failed: 'NoneType' object is not subscriptable
2020-05-16 09:52:39 WARN - tasks.py[314]: poc scan  failed: 'NoneType' object is not subscriptable
2020-05-16 09:52:39 WARN - tasks.py[314]: poc scan  failed: 'NoneType' object is not subscriptable
2020-05-16 09:52:39 WARN - tasks.py[314]: poc scan  failed: 'NoneType' object is not subscriptable
2020-05-16 09:52:39 WARN - tasks.py[314]: poc scan  failed: 'NoneType' object is not subscriptable
2020-05-16 09:52:39 WARN - tasks.py[314]: poc scan  failed: 'NoneType' object is not subscriptable
2020-05-16 09:52:39 WARN - tasks.py[314]: poc scan  failed: 'NoneType' object is not subscriptable
2020-05-16 09:52:39 WARN - tasks.py[314]: poc scan  failed: 'NoneType' object is not subscriptable
2020-05-16 09:52:39 WARN - tasks.py[314]: poc scan  failed: 'NoneType' object is not subscriptable
2020-05-16 09:52:39 WARN - tasks.py[314]: poc scan  failed: 'NoneType' object is not subscriptable
2020-05-16 09:52:39 WARN - tasks.py[314]: poc scan  failed: 'NoneType' object is not subscriptable
2020-05-16 09:52:39 WARN - tasks.py[314]: poc scan  failed: 'NoneType' object is not subscriptable
2020-05-16 09:52:39 WARN - tasks.py[314]: poc scan  failed: 'NoneType' object is not subscriptable
2020-05-16 09:52:39 WARN - tasks.py[314]: poc scan  failed: 'NoneType' object is not subscriptable
2020-05-16 09:52:39 WARN - tasks.py[314]: poc scan  failed: 'NoneType' object is not subscriptable
2020-05-16 09:52:39 WARN - tasks.py[314]: poc scan  failed: 'NoneType' object is not subscriptable
2020-05-16 09:52:39 WARN - tasks.py[314]: poc scan  failed: 'NoneType' object is not subscriptable
2020-05-16 09:52:39 WARN - tasks.py[314]: poc scan  failed: 'NoneType' object is not subscriptable
2020-05-16 09:52:39 WARN - tasks.py[314]: poc scan  failed: 'NoneType' object is not subscriptable
2020-05-16 09:52:39 WARN - tasks.py[314]: poc scan  failed: 'NoneType' object is not subscriptable
2020-05-16 09:52:39 WARN - tasks.py[314]: poc scan  failed: 'NoneType' object is not subscriptable
2020-05-16 09:52:39 WARN - tasks.py[314]: poc scan  failed: 'NoneType' object is not subscriptable
2020-05-16 09:52:39 WARN - tasks.py[314]: poc scan  failed: 'NoneType' object is not subscriptable
2020-05-16 09:52:39 WARN - tasks.py[314]: poc scan  failed: 'NoneType' object is not subscriptable
2020-05-16 09:52:39 WARN - tasks.py[314]: poc scan  failed: 'NoneType' object is not subscriptable
2020-05-16 09:52:39 WARN - tasks.py[314]: poc scan  failed: 'NoneType' object is not subscriptable
2020-05-16 09:52:39 WARN - tasks.py[314]: poc scan  failed: 'NoneType' object is not subscriptable
2020-05-16 09:52:39 WARN - tasks.py[314]: poc scan  failed: 'NoneType' object is not subscriptable
2020-05-16 09:52:39 WARN - tasks.py[314]: poc scan  failed: 'NoneType' object is not subscriptable
2020-05-16 09:52:39 WARN - tasks.py[314]: poc scan  failed: 'NoneType' object is not subscriptable
2020-05-16 09:52:39 WARN - tasks.py[314]: poc scan  failed: 'NoneType' object is not subscriptable
2020-05-16 09:52:39 WARN - tasks.py[314]: poc scan  failed: 'NoneType' object is not subscriptable
2020-05-16 09:52:39 WARN - tasks.py[314]: poc scan  failed: 'NoneType' object is not subscriptable
2020-05-16 09:52:39 WARN - tasks.py[314]: poc scan  failed: 'NoneType' object is not subscriptable
2020-05-16 09:52:39 WARN - tasks.py[314]: poc scan  failed: 'NoneType' object is not subscriptable
2020-05-16 09:52:39 WARN - tasks.py[314]: poc scan  failed: 'NoneType' object is not subscriptable
2020-05-16 09:52:39 WARN - tasks.py[314]: poc scan  failed: 'NoneType' object is not subscriptable
2020-05-16 09:52:39 WARN - tasks.py[314]: poc scan  failed: 'NoneType' object is not subscriptable
2020-05-16 09:52:39 WARN - tasks.py[314]: poc scan  failed: 'NoneType' object is not subscriptable
2020-05-16 09:52:39 WARN - tasks.py[314]: poc scan  failed: 'NoneType' object is not subscriptable
2020-05-16 09:52:39 WARN - tasks.py[314]: poc scan  failed: 'NoneType' object is not subscriptable
2020-05-16 09:52:39 WARN - tasks.py[314]: poc scan  failed: 'NoneType' object is not subscriptable
2020-05-16 09:52:39 WARN - tasks.py[314]: poc scan  failed: 'NoneType' object is not subscriptable
2020-05-16 09:52:39 WARN - tasks.py[314]: poc scan  failed: 'NoneType' object is not subscriptable
2020-05-16 09:52:39 WARN - tasks.py[314]: poc scan  failed: 'NoneType' object is not subscriptable
2020-05-16 09:52:39 WARN - tasks.py[314]: poc scan  failed: 'NoneType' object is not subscriptable
2020-05-16 09:52:39 WARN - tasks.py[314]: poc scan  failed: 'NoneType' object is not subscriptable
2020-05-16 09:52:39 WARN - tasks.py[314]: poc scan  failed: 'NoneType' object is not subscriptable
2020-05-16 09:52:39 WARN - tasks.py[314]: poc scan  failed: 'NoneType' object is not subscriptable
2020-05-16 09:52:39 WARN - tasks.py[314]: poc scan  failed: 'NoneType' object is not subscriptable
2020-05-16 09:52:39 WARN - tasks.py[314]: poc scan  failed: 'NoneType' object is not subscriptable
2020-05-16 09:52:39 WARN - tasks.py[314]: poc scan  failed: 'NoneType' object is not subscriptable
2020-05-16 09:52:39 WARN - tasks.py[314]: poc scan  failed: 'NoneType' object is not subscriptable
2020-05-16 09:52:39 WARN - tasks.py[314]: poc scan  failed: 'NoneType' object is not subscriptable
2020-05-16 09:52:39 WARN - tasks.py[314]: poc scan  failed: 'NoneType' object is not subscriptable
2020-05-16 09:52:39 WARN - tasks.py[314]: poc scan  failed: 'NoneType' object is not subscriptable
2020-05-16 09:52:39 WARN - tasks.py[314]: poc scan  failed: 'NoneType' object is not subscriptable
2020-05-16 09:52:39 WARN - tasks.py[314]: poc scan  failed: 'NoneType' object is not subscriptable
2020-05-16 09:52:40 INFO - tasks.py[311]: poc task completed: 5e9d34d4b85dd18a102d0d08
2020-05-16 10:27:09 INFO - tasks.py[210]: [*]  evilwing.me 
2020-05-16 10:31:47 INFO - tasks.py[210]: [*]  evilwing.me 
2020-05-16 10:34:17 INFO - tasks.py[220]: [*] 
2020-05-16 10:34:17 WARN - tasks.py[231]: key
2020-05-16 10:34:17 INFO - tasks.py[239]: [+] evilwing.me 7 
2020-05-16 10:34:17 INFO - tasks.py[255]: [+]Scanning  subdomain: evilwing.me--IP: 152.32.173.117
2020-05-16 10:34:17 INFO - tasks.py[255]: [+]Scanning  subdomain: ctf.evilwing.me--IP: 45.199.111.4
2020-05-16 10:34:17 INFO - tasks.py[255]: [+]Scanning  subdomain: www.google.com.evilwing.me--IP: 31.13.85.1
2020-05-16 10:36:38 INFO - subtasks.py[204]: 45.199.111.4:masscan port:['9999', '80', '3306', '22', '8888']
2020-05-16 10:36:39 INFO - subtasks.py[204]: 152.32.173.117:masscan port:[]
2020-05-16 10:36:39 INFO - subtasks.py[211]: 152.32.173.117
2020-05-16 10:36:39 WARN - subtasks.py[178]: [+]  [evilwing.me] ,.
2020-05-16 10:36:53 INFO - subtasks.py[241]: [*] 45.199.111.4  9999 abyss
2020-05-16 10:37:12 WARN - subtasks.py[227]: HTTPConnectionPool(host='45.199.111.4', port=9999): Read timed out. (read timeout=10)
2020-05-16 10:37:27 INFO - subtasks.py[241]: [*] 45.199.111.4  80 http
2020-05-16 10:37:37 WARN - subtasks.py[227]: HTTPConnectionPool(host='45.199.111.4', port=80): Max retries exceeded with url: / (Caused by ConnectTimeoutError(<urllib3.connection.HTTPConnection object at 0x7fadd958fe90>, 'Connection to 45.199.111.4 timed out. (connect timeout=10)'))
2020-05-16 10:37:52 INFO - subtasks.py[241]: [*] 45.199.111.4  3306 mysql
2020-05-16 10:37:55 INFO - subtasks.py[204]: 31.13.85.1:masscan port:[]
2020-05-16 10:37:55 INFO - subtasks.py[211]: 31.13.85.1
2020-05-16 10:37:55 WARN - subtasks.py[178]: [+]  [www.google.com.evilwing.me] ,.
2020-05-16 10:38:02 WARN - subtasks.py[227]: HTTPConnectionPool(host='45.199.111.4', port=3306): Max retries exceeded with url: / (Caused by ConnectTimeoutError(<urllib3.connection.HTTPConnection object at 0x7fade8b5f0d0>, 'Connection to 45.199.111.4 timed out. (connect timeout=10)'))
2020-05-16 10:38:11 INFO - subtasks.py[186]: =====Subdomain Scan Complete!=======
2020-05-16 10:38:15 INFO - subtasks.py[241]: [*] 45.199.111.4  22 ssh
2020-05-16 10:38:15 WARN - subtasks.py[227]: ('Connection aborted.', BadStatusLine('SSH-2.0-OpenSSH_7.2p2 Ubuntu-4\r\n'))
2020-05-16 10:38:28 INFO - subtasks.py[241]: [*] 45.199.111.4  8888 sun-answerbook
2020-05-16 10:38:29 INFO - subtasks.py[156]: ctf.evilwing.me ----> pid:5ebf5224687ad1c323ef9063
2020-05-16 10:38:29 INFO - subtasks.py[156]: ctf.evilwing.me ----> pid:5ebf5225687ad1c323ef9064
2020-05-16 10:38:29 INFO - subtasks.py[156]: ctf.evilwing.me ----> pid:5ebf5225687ad1c323ef9065
2020-05-16 10:38:29 INFO - subtasks.py[156]: ctf.evilwing.me ----> pid:5ebf5225687ad1c323ef9066
2020-05-16 10:38:29 INFO - subtasks.py[156]: ctf.evilwing.me ----> pid:5ebf5225687ad1c323ef9067
2020-05-16 10:38:30 INFO - subtasks.py[186]: =====Subdomain Scan Complete!=======
2020-05-16 10:47:45 INFO - tasks.py[313]: poc task completed: 5ebf544f63a24f841e28058f
